[2019-08-01 13:32:34] development.DEBUG: password  
[2019-08-01 13:32:34] development.DEBUG: array (
  '_method' => 'PUT',
  '_token' => 'nL4WPcrW9ymCQ57QLf2Ntw6SEShnFniL8NO9V4E5',
  'name' => 'francesco correra',
  'email' => 'correra@libero.it',
  'mobile' => '393471832620',
  'desk' => '1',
  'source' => '28',
  'stage_id' => '45',
  'language' => 'Italian',
  'courses' => '',
  'change_password' => '',
  'lead_score' => '10',
  'lead_value' => '0.00',
  'sales_rep' => '1',
  'timezone' => 'Africa/Abidjan',
  'state' => '',
  'country' => 'Afghanistan',
  'website' => '',
  'skype' => '',
  'linkedin' => '',
  'facebook' => '',
  'twitter' => '',
  'message' => '',
)  
[2019-08-01 13:32:34] development.DEBUG: array (
  'user_email' => 'correra@libero.it',
  'new_password' => '',
)  
[2019-08-01 13:32:37] development.DEBUG: password  
[2019-08-01 13:32:37] development.DEBUG: array (
  '_method' => 'PUT',
  '_token' => 'nL4WPcrW9ymCQ57QLf2Ntw6SEShnFniL8NO9V4E5',
  'name' => 'francesco correra',
  'email' => 'correra@libero.it',
  'mobile' => '393471832620',
  'desk' => '1',
  'source' => '28',
  'stage_id' => '45',
  'language' => 'Italian',
  'courses' => '',
  'change_password' => '',
  'lead_score' => '10',
  'lead_value' => '0.00',
  'sales_rep' => '1',
  'timezone' => 'Africa/Abidjan',
  'state' => '',
  'country' => 'Afghanistan',
  'website' => '',
  'skype' => '',
  'linkedin' => '',
  'facebook' => '',
  'twitter' => '',
  'message' => '',
)  
[2019-08-01 13:32:37] development.DEBUG: array (
  'user_email' => 'correra@libero.it',
  'new_password' => '',
)  
[2019-08-01 13:38:36] development.DEBUG: password  
[2019-08-01 13:38:36] development.DEBUG: array (
  '_method' => 'PUT',
  '_token' => 'nL4WPcrW9ymCQ57QLf2Ntw6SEShnFniL8NO9V4E5',
  'name' => 'francesco correra',
  'email' => 'correra@libero.it',
  'mobile' => '393471832620',
  'desk' => '1',
  'source' => '28',
  'stage_id' => '45',
  'language' => 'Italian',
  'courses' => '',
  'change_password' => '',
  'lead_score' => '10',
  'lead_value' => '0.00',
  'sales_rep' => '1',
  'timezone' => 'Europe/Rome',
  'state' => '',
  'country' => 'Italy',
  'website' => '',
  'skype' => '',
  'linkedin' => '',
  'facebook' => '',
  'twitter' => '',
  'message' => '',
)  
[2019-08-01 13:38:36] development.DEBUG: array (
  'user_email' => 'correra@libero.it',
  'new_password' => '',
)  
[2019-08-01 13:38:36] development.DEBUG: password  
[2019-08-01 13:38:36] development.DEBUG: array (
  '_method' => 'PUT',
  '_token' => 'nL4WPcrW9ymCQ57QLf2Ntw6SEShnFniL8NO9V4E5',
  'name' => 'francesco correra',
  'email' => 'correra@libero.it',
  'mobile' => '393471832620',
  'desk' => '1',
  'source' => '28',
  'stage_id' => '45',
  'language' => 'Italian',
  'courses' => '',
  'change_password' => '',
  'lead_score' => '10',
  'lead_value' => '0.00',
  'sales_rep' => '1',
  'timezone' => 'Europe/Rome',
  'state' => '',
  'country' => 'Italy',
  'website' => '',
  'skype' => '',
  'linkedin' => '',
  'facebook' => '',
  'twitter' => '',
  'message' => '',
)  
[2019-08-01 13:38:36] development.DEBUG: array (
  'user_email' => 'correra@libero.it',
  'new_password' => '',
)  
[2019-08-01 18:13:34] development.DEBUG: password  
[2019-08-01 18:13:34] development.DEBUG: array (
  '_method' => 'PUT',
  '_token' => 'JEhw7gaifvsszrKtzVFnBpa4y4z2yR476P075exW',
  'name' => 'wegergherh erhreherh',
  'email' => 'GeorgidASFGSDH@FASG.AS',
  'mobile' => '599878735795',
  'desk' => '3',
  'source' => '28',
  'stage_id' => '42',
  'language' => 'English',
  'courses' => '',
  'change_password' => '',
  'lead_score' => '10',
  'lead_value' => '0.00',
  'sales_rep' => '16',
  'timezone' => 'Europe/Malta',
  'state' => '',
  'country' => 'Afghanistan',
  'website' => '',
  'skype' => '',
  'linkedin' => '',
  'facebook' => '',
  'twitter' => '',
  'message' => '',
)  
[2019-08-01 18:13:34] development.DEBUG: array (
  'user_email' => 'GeorgidASFGSDH@FASG.AS',
  'new_password' => '',
)  
[2019-08-01 18:13:35] development.DEBUG: password  
[2019-08-01 18:13:35] development.DEBUG: array (
  '_method' => 'PUT',
  '_token' => 'JEhw7gaifvsszrKtzVFnBpa4y4z2yR476P075exW',
  'name' => 'wegergherh erhreherh',
  'email' => 'GeorgidASFGSDH@FASG.AS',
  'mobile' => '599878735795',
  'desk' => '3',
  'source' => '28',
  'stage_id' => '42',
  'language' => 'English',
  'courses' => '',
  'change_password' => '',
  'lead_score' => '10',
  'lead_value' => '0.00',
  'sales_rep' => '16',
  'timezone' => 'Europe/Malta',
  'state' => '',
  'country' => 'Afghanistan',
  'website' => '',
  'skype' => '',
  'linkedin' => '',
  'facebook' => '',
  'twitter' => '',
  'message' => '',
)  
[2019-08-01 18:13:35] development.DEBUG: array (
  'user_email' => 'GeorgidASFGSDH@FASG.AS',
  'new_password' => '',
)  
