[2019-08-02 09:31:40] development.DEBUG:w
[2019-08-02 09:31:40] development.DEBUG: 08:31:40  
[2019-08-02 09:32:17] development.DEBUG: Europe/Malta  
[2019-08-02 09:32:17] development.DEBUG: 08:32:17  
[2019-08-02 09:32:40] development.DEBUG: Europe/Malta  
[2019-08-02 09:32:40] development.DEBUG: 08:32:40  
[2019-08-02 09:32:49] development.DEBUG: Europe/Malta  
[2019-08-02 09:32:49] development.DEBUG: 08:32:49  
[2019-08-02 09:33:22] development.DEBUG: Europe/Malta  
[2019-08-02 09:33:22] development.DEBUG: 08:33:22  
[2019-08-02 09:33:22] development.DEBUG: Europe/Malta  
[2019-08-02 09:33:22] development.DEBUG: 08:33:22  
[2019-08-02 09:33:41] development.DEBUG: Europe/Malta  
[2019-08-02 09:33:41] development.DEBUG: 08:33:41  
[2019-08-02 09:49:58] development.DEBUG: password  
[2019-08-02 09:49:58] development.DEBUG: array (
  '_method' => 'PUT',
  '_token' => 'JEhw7gaifvsszrKtzVFnBpa4y4z2yR476P075exW',
  'name' => 'tzlil sifu',
  'email' => 'tzlilyos@gmail.com',
  'mobile' => '35679037467',
  'desk' => '3',
  'source' => '28',
  'stage_id' => '42',
  'language' => 'Italian',
  'courses' => '',
  'change_password' => '',
  'lead_score' => '10',
  'lead_value' => '0.00',
  'sales_rep' => '1',
  'timezone' => 'Europe/Rome',
  'state' => '',
  'country' => 'Afghanistan',
  'website' => '',
  'skype' => '',
  'linkedin' => '',
  'facebook' => '',
  'twitter' => '',
  'message' => '',
)  
[2019-08-02 09:49:58] development.DEBUG: array (
  'user_email' => 'tzlilyos@gmail.com',
  'new_password' => '',
)  
[2019-08-02 09:49:58] development.DEBUG: password  
[2019-08-02 09:49:58] development.DEBUG: array (
  '_method' => 'PUT',
  '_token' => 'JEhw7gaifvsszrKtzVFnBpa4y4z2yR476P075exW',
  'name' => 'tzlil sifu',
  'email' => 'tzlilyos@gmail.com',
  'mobile' => '35679037467',
  'desk' => '3',
  'source' => '28',
  'stage_id' => '42',
  'language' => 'Italian',
  'courses' => '',
  'change_password' => '',
  'lead_score' => '10',
  'lead_value' => '0.00',
  'sales_rep' => '1',
  'timezone' => 'Europe/Rome',
  'state' => '',
  'country' => 'Afghanistan',
  'website' => '',
  'skype' => '',
  'linkedin' => '',
  'facebook' => '',
  'twitter' => '',
  'message' => '',
)  
[2019-08-02 09:49:58] development.DEBUG: array (
  'user_email' => 'tzlilyos@gmail.com',
  'new_password' => '',
)  
[2019-08-02 09:53:27] development.DEBUG: password  
[2019-08-02 09:53:27] development.DEBUG: array (
  '_method' => 'PUT',
  '_token' => 'JEhw7gaifvsszrKtzVFnBpa4y4z2yR476P075exW',
  'name' => 'tzlil sifu',
  'email' => 'tzlilyos@gmail.com',
  'mobile' => '35679037467',
  'desk' => '3',
  'source' => '28',
  'stage_id' => '42',
  'language' => 'Italian',
  'courses' => '',
  'change_password' => '',
  'lead_score' => '10',
  'lead_value' => '0.00',
  'sales_rep' => '1',
  'timezone' => 'Europe/Zagreb',
  'state' => '',
  'country' => 'Afghanistan',
  'website' => '',
  'skype' => '',
  'linkedin' => '',
  'facebook' => '',
  'twitter' => '',
  'message' => '',
)  
[2019-08-02 09:53:27] development.DEBUG: array (
  'user_email' => 'tzlilyos@gmail.com',
  'new_password' => '',
)  
[2019-08-02 09:53:28] development.DEBUG: password  
[2019-08-02 09:53:28] development.DEBUG: array (
  '_method' => 'PUT',
  '_token' => 'JEhw7gaifvsszrKtzVFnBpa4y4z2yR476P075exW',
  'name' => 'tzlil sifu',
  'email' => 'tzlilyos@gmail.com',
  'mobile' => '35679037467',
  'desk' => '3',
  'source' => '28',
  'stage_id' => '42',
  'language' => 'Italian',
  'courses' => '',
  'change_password' => '',
  'lead_score' => '10',
  'lead_value' => '0.00',
  'sales_rep' => '1',
  'timezone' => 'Europe/Zagreb',
  'state' => '',
  'country' => 'Afghanistan',
  'website' => '',
  'skype' => '',
  'linkedin' => '',
  'facebook' => '',
  'twitter' => '',
  'message' => '',
)  
[2019-08-02 09:53:28] development.DEBUG: array (
  'user_email' => 'tzlilyos@gmail.com',
  'new_password' => '',
)  
[2019-08-02 09:55:17] development.DEBUG: password  
[2019-08-02 09:55:17] development.DEBUG: array (
  '_method' => 'PUT',
  '_token' => 'JEhw7gaifvsszrKtzVFnBpa4y4z2yR476P075exW',
  'name' => 'tzlil sifu',
  'email' => 'tzlilyos@gmail.com',
  'mobile' => '35679037467',
  'desk' => '3',
  'source' => '28',
  'stage_id' => '42',
  'language' => 'Italian',
  'courses' => '',
  'change_password' => '',
  'lead_score' => '10',
  'lead_value' => '0.00',
  'sales_rep' => '1',
  'timezone' => 'Europe/Tirane',
  'state' => '',
  'country' => 'Afghanistan',
  'website' => '',
  'skype' => '',
  'linkedin' => '',
  'facebook' => '',
  'twitter' => '',
  'message' => '',
)  
[2019-08-02 09:55:17] development.DEBUG: array (
  'user_email' => 'tzlilyos@gmail.com',
  'new_password' => '',
)  
[2019-08-02 09:55:17] development.DEBUG: password  
[2019-08-02 09:55:17] development.DEBUG: array (
  '_method' => 'PUT',
  '_token' => 'JEhw7gaifvsszrKtzVFnBpa4y4z2yR476P075exW',
  'name' => 'tzlil sifu',
  'email' => 'tzlilyos@gmail.com',
  'mobile' => '35679037467',
  'desk' => '3',
  'source' => '28',
  'stage_id' => '42',
  'language' => 'Italian',
  'courses' => '',
  'change_password' => '',
  'lead_score' => '10',
  'lead_value' => '0.00',
  'sales_rep' => '1',
  'timezone' => 'Europe/Tirane',
  'state' => '',
  'country' => 'Afghanistan',
  'website' => '',
  'skype' => '',
  'linkedin' => '',
  'facebook' => '',
  'twitter' => '',
  'message' => '',
)  
[2019-08-02 09:55:17] development.DEBUG: array (
  'user_email' => 'tzlilyos@gmail.com',
  'new_password' => '',
)  
[2019-08-02 10:03:08] development.DEBUG: password  
[2019-08-02 10:03:08] development.DEBUG: array (
  '_method' => 'PUT',
  '_token' => 'JEhw7gaifvsszrKtzVFnBpa4y4z2yR476P075exW',
  'name' => 'tzlil sifu',
  'email' => 'tzlilyos@gmail.com',
  'mobile' => '35679037467',
  'desk' => '3',
  'source' => '28',
  'stage_id' => '42',
  'language' => 'Italian',
  'courses' => '',
  'change_password' => '',
  'lead_score' => '10',
  'lead_value' => '0.00',
  'sales_rep' => '1',
  'timezone' => 'Europe/Moscow',
  'state' => '',
  'country' => 'Afghanistan',
  'website' => '',
  'skype' => '',
  'linkedin' => '',
  'facebook' => '',
  'twitter' => '',
  'message' => '',
)  
[2019-08-02 10:03:08] development.DEBUG: array (
  'user_email' => 'tzlilyos@gmail.com',
  'new_password' => '',
)  
[2019-08-02 10:03:09] development.DEBUG: password  
[2019-08-02 10:03:09] development.DEBUG: array (
  '_method' => 'PUT',
  '_token' => 'JEhw7gaifvsszrKtzVFnBpa4y4z2yR476P075exW',
  'name' => 'tzlil sifu',
  'email' => 'tzlilyos@gmail.com',
  'mobile' => '35679037467',
  'desk' => '3',
  'source' => '28',
  'stage_id' => '42',
  'language' => 'Italian',
  'courses' => '',
  'change_password' => '',
  'lead_score' => '10',
  'lead_value' => '0.00',
  'sales_rep' => '1',
  'timezone' => 'Europe/Moscow',
  'state' => '',
  'country' => 'Afghanistan',
  'website' => '',
  'skype' => '',
  'linkedin' => '',
  'facebook' => '',
  'twitter' => '',
  'message' => '',
)  
[2019-08-02 10:03:09] development.DEBUG: array (
  'user_email' => 'tzlilyos@gmail.com',
  'new_password' => '',
)  
[2019-08-02 10:04:10] development.DEBUG: password  
[2019-08-02 10:04:10] development.DEBUG: array (
  '_method' => 'PUT',
  '_token' => 'JEhw7gaifvsszrKtzVFnBpa4y4z2yR476P075exW',
  'name' => 'tzlil sifu',
  'email' => 'tzlilyos@gmail.com',
  'mobile' => '35679037467',
  'desk' => '3',
  'source' => '28',
  'stage_id' => '42',
  'language' => 'Italian',
  'courses' => '',
  'change_password' => '',
  'lead_score' => '10',
  'lead_value' => '0.00',
  'sales_rep' => '1',
  'timezone' => 'Europe/Stockholm',
  'state' => '',
  'country' => 'Afghanistan',
  'website' => '',
  'skype' => '',
  'linkedin' => '',
  'facebook' => '',
  'twitter' => '',
  'message' => '',
)  
[2019-08-02 10:04:10] development.DEBUG: array (
  'user_email' => 'tzlilyos@gmail.com',
  'new_password' => '',
)  
[2019-08-02 10:04:11] development.DEBUG: password  
[2019-08-02 10:04:11] development.DEBUG: array (
  '_method' => 'PUT',
  '_token' => 'JEhw7gaifvsszrKtzVFnBpa4y4z2yR476P075exW',
  'name' => 'tzlil sifu',
  'email' => 'tzlilyos@gmail.com',
  'mobile' => '35679037467',
  'desk' => '3',
  'source' => '28',
  'stage_id' => '42',
  'language' => 'Italian',
  'courses' => '',
  'change_password' => '',
  'lead_score' => '10',
  'lead_value' => '0.00',
  'sales_rep' => '1',
  'timezone' => 'Europe/Stockholm',
  'state' => '',
  'country' => 'Afghanistan',
  'website' => '',
  'skype' => '',
  'linkedin' => '',
  'facebook' => '',
  'twitter' => '',
  'message' => '',
)  
[2019-08-02 10:04:11] development.DEBUG: array (
  'user_email' => 'tzlilyos@gmail.com',
  'new_password' => '',
)  
[2019-08-02 10:04:54] development.DEBUG: password  
[2019-08-02 10:04:54] development.DEBUG: array (
  '_method' => 'PUT',
  '_token' => 'JEhw7gaifvsszrKtzVFnBpa4y4z2yR476P075exW',
  'name' => 'tzlil sifu',
  'email' => 'tzlilyos@gmail.com',
  'mobile' => '35679037467',
  'desk' => '3',
  'source' => '28',
  'stage_id' => '42',
  'language' => 'Italian',
  'courses' => '',
  'change_password' => '',
  'lead_score' => '10',
  'lead_value' => '0.00',
  'sales_rep' => '1',
  'timezone' => 'Asia/Tbilisi',
  'state' => '',
  'country' => 'Afghanistan',
  'website' => '',
  'skype' => '',
  'linkedin' => '',
  'facebook' => '',
  'twitter' => '',
  'message' => '',
)  
[2019-08-02 10:04:54] development.DEBUG: array (
  'user_email' => 'tzlilyos@gmail.com',
  'new_password' => '',
)  
[2019-08-02 10:04:55] development.DEBUG: password  
[2019-08-02 10:04:55] development.DEBUG: array (
  '_method' => 'PUT',
  '_token' => 'JEhw7gaifvsszrKtzVFnBpa4y4z2yR476P075exW',
  'name' => 'tzlil sifu',
  'email' => 'tzlilyos@gmail.com',
  'mobile' => '35679037467',
  'desk' => '3',
  'source' => '28',
  'stage_id' => '42',
  'language' => 'Italian',
  'courses' => '',
  'change_password' => '',
  'lead_score' => '10',
  'lead_value' => '0.00',
  'sales_rep' => '1',
  'timezone' => 'Asia/Tbilisi',
  'state' => '',
  'country' => 'Afghanistan',
  'website' => '',
  'skype' => '',
  'linkedin' => '',
  'facebook' => '',
  'twitter' => '',
  'message' => '',
)  
[2019-08-02 10:04:55] development.DEBUG: array (
  'user_email' => 'tzlilyos@gmail.com',
  'new_password' => '',
)  
[2019-08-02 10:05:36] development.DEBUG: password  
[2019-08-02 10:05:36] development.DEBUG: array (
  '_method' => 'PUT',
  '_token' => 'JEhw7gaifvsszrKtzVFnBpa4y4z2yR476P075exW',
  'name' => 'tzlil sifu',
  'email' => 'tzlilyos@gmail.com',
  'mobile' => '35679037467',
  'desk' => '3',
  'source' => '28',
  'stage_id' => '42',
  'language' => 'Italian',
  'courses' => '',
  'change_password' => '',
  'lead_score' => '10',
  'lead_value' => '0.00',
  'sales_rep' => '1',
  'timezone' => 'Asia/Yerevan',
  'state' => '',
  'country' => 'Afghanistan',
  'website' => '',
  'skype' => '',
  'linkedin' => '',
  'facebook' => '',
  'twitter' => '',
  'message' => '',
)  
[2019-08-02 10:05:36] development.DEBUG: array (
  'user_email' => 'tzlilyos@gmail.com',
  'new_password' => '',
)  
[2019-08-02 10:05:36] development.DEBUG: password  
[2019-08-02 10:05:36] development.DEBUG: array (
  '_method' => 'PUT',
  '_token' => 'JEhw7gaifvsszrKtzVFnBpa4y4z2yR476P075exW',
  'name' => 'tzlil sifu',
  'email' => 'tzlilyos@gmail.com',
  'mobile' => '35679037467',
  'desk' => '3',
  'source' => '28',
  'stage_id' => '42',
  'language' => 'Italian',
  'courses' => '',
  'change_password' => '',
  'lead_score' => '10',
  'lead_value' => '0.00',
  'sales_rep' => '1',
  'timezone' => 'Asia/Yerevan',
  'state' => '',
  'country' => 'Afghanistan',
  'website' => '',
  'skype' => '',
  'linkedin' => '',
  'facebook' => '',
  'twitter' => '',
  'message' => '',
)  
[2019-08-02 10:05:36] development.DEBUG: array (
  'user_email' => 'tzlilyos@gmail.com',
  'new_password' => '',
)  
[2019-08-02 10:06:23] development.DEBUG: password  
[2019-08-02 10:06:23] development.DEBUG: array (
  '_method' => 'PUT',
  '_token' => 'JEhw7gaifvsszrKtzVFnBpa4y4z2yR476P075exW',
  'name' => 'tzlil sifu',
  'email' => 'tzlilyos@gmail.com',
  'mobile' => '35679037467',
  'desk' => '3',
  'source' => '28',
  'stage_id' => '42',
  'language' => 'Italian',
  'courses' => '',
  'change_password' => '',
  'lead_score' => '10',
  'lead_value' => '0.00',
  'sales_rep' => '1',
  'timezone' => 'Europe/Madrid',
  'state' => '',
  'country' => 'Afghanistan',
  'website' => '',
  'skype' => '',
  'linkedin' => '',
  'facebook' => '',
  'twitter' => '',
  'message' => '',
)  
[2019-08-02 10:06:23] development.DEBUG: array (
  'user_email' => 'tzlilyos@gmail.com',
  'new_password' => '',
)  
[2019-08-02 10:06:24] development.DEBUG: password  
[2019-08-02 10:06:24] development.DEBUG: array (
  '_method' => 'PUT',
  '_token' => 'JEhw7gaifvsszrKtzVFnBpa4y4z2yR476P075exW',
  'name' => 'tzlil sifu',
  'email' => 'tzlilyos@gmail.com',
  'mobile' => '35679037467',
  'desk' => '3',
  'source' => '28',
  'stage_id' => '42',
  'language' => 'Italian',
  'courses' => '',
  'change_password' => '',
  'lead_score' => '10',
  'lead_value' => '0.00',
  'sales_rep' => '1',
  'timezone' => 'Europe/Madrid',
  'state' => '',
  'country' => 'Afghanistan',
  'website' => '',
  'skype' => '',
  'linkedin' => '',
  'facebook' => '',
  'twitter' => '',
  'message' => '',
)  
[2019-08-02 10:06:24] development.DEBUG: array (
  'user_email' => 'tzlilyos@gmail.com',
  'new_password' => '',
)  
[2019-08-02 10:07:25] development.DEBUG: password  
[2019-08-02 10:07:25] development.DEBUG: array (
  '_method' => 'PUT',
  '_token' => 'JEhw7gaifvsszrKtzVFnBpa4y4z2yR476P075exW',
  'name' => 'tzlil sifu',
  'email' => 'tzlilyos@gmail.com',
  'mobile' => '35679037467',
  'desk' => '3',
  'source' => '28',
  'stage_id' => '42',
  'language' => 'Italian',
  'courses' => '',
  'change_password' => '',
  'lead_score' => '10',
  'lead_value' => '0.00',
  'sales_rep' => '1',
  'timezone' => 'America/Lima',
  'state' => '',
  'country' => 'Afghanistan',
  'website' => '',
  'skype' => '',
  'linkedin' => '',
  'facebook' => '',
  'twitter' => '',
  'message' => '',
)  
[2019-08-02 10:07:25] development.DEBUG: array (
  'user_email' => 'tzlilyos@gmail.com',
  'new_password' => '',
)  
[2019-08-02 10:07:25] development.DEBUG: password  
[2019-08-02 10:07:25] development.DEBUG: array (
  '_method' => 'PUT',
  '_token' => 'JEhw7gaifvsszrKtzVFnBpa4y4z2yR476P075exW',
  'name' => 'tzlil sifu',
  'email' => 'tzlilyos@gmail.com',
  'mobile' => '35679037467',
  'desk' => '3',
  'source' => '28',
  'stage_id' => '42',
  'language' => 'Italian',
  'courses' => '',
  'change_password' => '',
  'lead_score' => '10',
  'lead_value' => '0.00',
  'sales_rep' => '1',
  'timezone' => 'America/Lima',
  'state' => '',
  'country' => 'Afghanistan',
  'website' => '',
  'skype' => '',
  'linkedin' => '',
  'facebook' => '',
  'twitter' => '',
  'message' => '',
)  
[2019-08-02 10:07:25] development.DEBUG: array (
  'user_email' => 'tzlilyos@gmail.com',
  'new_password' => '',
)  
[2019-08-02 10:43:01] development.DEBUG: password  
[2019-08-02 10:43:01] development.DEBUG: array (
  '_method' => 'PUT',
  '_token' => 'JEhw7gaifvsszrKtzVFnBpa4y4z2yR476P075exW',
  'name' => 'tzlil sifu',
  'email' => 'tzlilyos@gmail.com',
  'mobile' => '35679037467',
  'desk' => '3',
  'source' => '28',
  'stage_id' => '42',
  'language' => 'Italian',
  'courses' => '',
  'change_password' => '',
  'lead_score' => '10',
  'lead_value' => '0.00',
  'sales_rep' => '1',
  'timezone' => 'Asia/Kolkata',
  'state' => '',
  'country' => 'Afghanistan',
  'website' => '',
  'skype' => '',
  'linkedin' => '',
  'facebook' => '',
  'twitter' => '',
  'message' => '',
)  
[2019-08-02 10:43:01] development.DEBUG: array (
  'user_email' => 'tzlilyos@gmail.com',
  'new_password' => '',
)  
[2019-08-02 10:43:04] development.DEBUG: password  
[2019-08-02 10:43:04] development.DEBUG: array (
  '_method' => 'PUT',
  '_token' => 'JEhw7gaifvsszrKtzVFnBpa4y4z2yR476P075exW',
  'name' => 'tzlil sifu',
  'email' => 'tzlilyos@gmail.com',
  'mobile' => '35679037467',
  'desk' => '3',
  'source' => '28',
  'stage_id' => '42',
  'language' => 'Italian',
  'courses' => '',
  'change_password' => '',
  'lead_score' => '10',
  'lead_value' => '0.00',
  'sales_rep' => '1',
  'timezone' => 'Asia/Kolkata',
  'state' => '',
  'country' => 'Afghanistan',
  'website' => '',
  'skype' => '',
  'linkedin' => '',
  'facebook' => '',
  'twitter' => '',
  'message' => '',
)  
[2019-08-02 10:43:04] development.DEBUG: array (
  'user_email' => 'tzlilyos@gmail.com',
  'new_password' => '',
)  
[2019-08-02 10:46:11] development.DEBUG: password  
[2019-08-02 10:46:11] development.DEBUG: array (
  '_method' => 'PUT',
  '_token' => 'JEhw7gaifvsszrKtzVFnBpa4y4z2yR476P075exW',
  'name' => 'tzlil sifu',
  'email' => 'tzlilyos@gmail.com',
  'mobile' => '35679037467',
  'desk' => '3',
  'source' => '28',
  'stage_id' => '42',
  'language' => 'Italian',
  'courses' => '',
  'change_password' => '',
  'lead_score' => '10',
  'lead_value' => '0.00',
  'sales_rep' => '1',
  'timezone' => 'Europe/Zurich',
  'state' => '',
  'country' => 'Afghanistan',
  'website' => '',
  'skype' => '',
  'linkedin' => '',
  'facebook' => '',
  'twitter' => '',
  'message' => '',
)  
[2019-08-02 10:46:11] development.DEBUG: array (
  'user_email' => 'tzlilyos@gmail.com',
  'new_password' => '',
)  
[2019-08-02 10:46:11] development.DEBUG: password  
[2019-08-02 10:46:11] development.DEBUG: array (
  '_method' => 'PUT',
  '_token' => 'JEhw7gaifvsszrKtzVFnBpa4y4z2yR476P075exW',
  'name' => 'tzlil sifu',
  'email' => 'tzlilyos@gmail.com',
  'mobile' => '35679037467',
  'desk' => '3',
  'source' => '28',
  'stage_id' => '42',
  'language' => 'Italian',
  'courses' => '',
  'change_password' => '',
  'lead_score' => '10',
  'lead_value' => '0.00',
  'sales_rep' => '1',
  'timezone' => 'Europe/Zurich',
  'state' => '',
  'country' => 'Afghanistan',
  'website' => '',
  'skype' => '',
  'linkedin' => '',
  'facebook' => '',
  'twitter' => '',
  'message' => '',
)  
[2019-08-02 10:46:11] development.DEBUG: array (
  'user_email' => 'tzlilyos@gmail.com',
  'new_password' => '',
)  
[2019-08-02 10:47:53] development.DEBUG: password  
[2019-08-02 10:47:53] development.DEBUG: array (
  '_method' => 'PUT',
  '_token' => 'JEhw7gaifvsszrKtzVFnBpa4y4z2yR476P075exW',
  'name' => 'tzlil sifu',
  'email' => 'tzlilyos@gmail.com',
  'mobile' => '35679037467',
  'desk' => '3',
  'source' => '28',
  'stage_id' => '42',
  'language' => 'Italian',
  'courses' => '',
  'change_password' => '',
  'lead_score' => '10',
  'lead_value' => '0.00',
  'sales_rep' => '1',
  'timezone' => 'America/Vancouver',
  'state' => '',
  'country' => 'Afghanistan',
  'website' => '',
  'skype' => '',
  'linkedin' => '',
  'facebook' => '',
  'twitter' => '',
  'message' => '',
)  
[2019-08-02 10:47:53] development.DEBUG: array (
  'user_email' => 'tzlilyos@gmail.com',
  'new_password' => '',
)  
[2019-08-02 10:47:53] development.DEBUG: password  
[2019-08-02 10:47:53] development.DEBUG: array (
  '_method' => 'PUT',
  '_token' => 'JEhw7gaifvsszrKtzVFnBpa4y4z2yR476P075exW',
  'name' => 'tzlil sifu',
  'email' => 'tzlilyos@gmail.com',
  'mobile' => '35679037467',
  'desk' => '3',
  'source' => '28',
  'stage_id' => '42',
  'language' => 'Italian',
  'courses' => '',
  'change_password' => '',
  'lead_score' => '10',
  'lead_value' => '0.00',
  'sales_rep' => '1',
  'timezone' => 'America/Vancouver',
  'state' => '',
  'country' => 'Afghanistan',
  'website' => '',
  'skype' => '',
  'linkedin' => '',
  'facebook' => '',
  'twitter' => '',
  'message' => '',
)  
[2019-08-02 10:47:53] development.DEBUG: array (
  'user_email' => 'tzlilyos@gmail.com',
  'new_password' => '',
)  
[2019-08-02 10:49:02] development.DEBUG: password  
[2019-08-02 10:49:02] development.DEBUG: array (
  '_method' => 'PUT',
  '_token' => 'JEhw7gaifvsszrKtzVFnBpa4y4z2yR476P075exW',
  'name' => 'tzlil sifu',
  'email' => 'tzlilyos@gmail.com',
  'mobile' => '35679037467',
  'desk' => '3',
  'source' => '28',
  'stage_id' => '42',
  'language' => 'Italian',
  'courses' => '',
  'change_password' => '',
  'lead_score' => '10',
  'lead_value' => '0.00',
  'sales_rep' => '1',
  'timezone' => 'America/New_York',
  'state' => '',
  'country' => 'Afghanistan',
  'website' => '',
  'skype' => '',
  'linkedin' => '',
  'facebook' => '',
  'twitter' => '',
  'message' => '',
)  
[2019-08-02 10:49:02] development.DEBUG: array (
  'user_email' => 'tzlilyos@gmail.com',
  'new_password' => '',
)  
[2019-08-02 10:49:03] development.DEBUG: password  
[2019-08-02 10:49:03] development.DEBUG: array (
  '_method' => 'PUT',
  '_token' => 'JEhw7gaifvsszrKtzVFnBpa4y4z2yR476P075exW',
  'name' => 'tzlil sifu',
  'email' => 'tzlilyos@gmail.com',
  'mobile' => '35679037467',
  'desk' => '3',
  'source' => '28',
  'stage_id' => '42',
  'language' => 'Italian',
  'courses' => '',
  'change_password' => '',
  'lead_score' => '10',
  'lead_value' => '0.00',
  'sales_rep' => '1',
  'timezone' => 'America/New_York',
  'state' => '',
  'country' => 'Afghanistan',
  'website' => '',
  'skype' => '',
  'linkedin' => '',
  'facebook' => '',
  'twitter' => '',
  'message' => '',
)  
[2019-08-02 10:49:03] development.DEBUG: array (
  'user_email' => 'tzlilyos@gmail.com',
  'new_password' => '',
)  
[2019-08-02 10:49:49] development.DEBUG: password  
[2019-08-02 10:49:49] development.DEBUG: array (
  '_method' => 'PUT',
  '_token' => 'JEhw7gaifvsszrKtzVFnBpa4y4z2yR476P075exW',
  'name' => 'tzlil sifu',
  'email' => 'tzlilyos@gmail.com',
  'mobile' => '35679037467',
  'desk' => '3',
  'source' => '28',
  'stage_id' => '42',
  'language' => 'Italian',
  'courses' => '',
  'change_password' => '',
  'lead_score' => '10',
  'lead_value' => '0.00',
  'sales_rep' => '1',
  'timezone' => 'Europe/Lisbon',
  'state' => '',
  'country' => 'Afghanistan',
  'website' => '',
  'skype' => '',
  'linkedin' => '',
  'facebook' => '',
  'twitter' => '',
  'message' => '',
)  
[2019-08-02 10:49:49] development.DEBUG: array (
  'user_email' => 'tzlilyos@gmail.com',
  'new_password' => '',
)  
[2019-08-02 10:49:50] development.DEBUG: password  
[2019-08-02 10:49:50] development.DEBUG: array (
  '_method' => 'PUT',
  '_token' => 'JEhw7gaifvsszrKtzVFnBpa4y4z2yR476P075exW',
  'name' => 'tzlil sifu',
  'email' => 'tzlilyos@gmail.com',
  'mobile' => '35679037467',
  'desk' => '3',
  'source' => '28',
  'stage_id' => '42',
  'language' => 'Italian',
  'courses' => '',
  'change_password' => '',
  'lead_score' => '10',
  'lead_value' => '0.00',
  'sales_rep' => '1',
  'timezone' => 'Europe/Lisbon',
  'state' => '',
  'country' => 'Afghanistan',
  'website' => '',
  'skype' => '',
  'linkedin' => '',
  'facebook' => '',
  'twitter' => '',
  'message' => '',
)  
[2019-08-02 10:49:50] development.DEBUG: array (
  'user_email' => 'tzlilyos@gmail.com',
  'new_password' => '',
)  
[2019-08-02 10:50:44] development.DEBUG: password  
[2019-08-02 10:50:44] development.DEBUG: array (
  '_method' => 'PUT',
  '_token' => 'JEhw7gaifvsszrKtzVFnBpa4y4z2yR476P075exW',
  'name' => 'tzlil sifu',
  'email' => 'tzlilyos@gmail.com',
  'mobile' => '35679037467',
  'desk' => '3',
  'source' => '28',
  'stage_id' => '42',
  'language' => 'Italian',
  'courses' => '',
  'change_password' => '',
  'lead_score' => '10',
  'lead_value' => '0.00',
  'sales_rep' => '1',
  'timezone' => 'America/Santiago',
  'state' => '',
  'country' => 'Afghanistan',
  'website' => '',
  'skype' => '',
  'linkedin' => '',
  'facebook' => '',
  'twitter' => '',
  'message' => '',
)  
[2019-08-02 10:50:44] development.DEBUG: array (
  'user_email' => 'tzlilyos@gmail.com',
  'new_password' => '',
)  
[2019-08-02 10:50:44] development.DEBUG: password  
[2019-08-02 10:50:44] development.DEBUG: array (
  '_method' => 'PUT',
  '_token' => 'JEhw7gaifvsszrKtzVFnBpa4y4z2yR476P075exW',
  'name' => 'tzlil sifu',
  'email' => 'tzlilyos@gmail.com',
  'mobile' => '35679037467',
  'desk' => '3',
  'source' => '28',
  'stage_id' => '42',
  'language' => 'Italian',
  'courses' => '',
  'change_password' => '',
  'lead_score' => '10',
  'lead_value' => '0.00',
  'sales_rep' => '1',
  'timezone' => 'America/Santiago',
  'state' => '',
  'country' => 'Afghanistan',
  'website' => '',
  'skype' => '',
  'linkedin' => '',
  'facebook' => '',
  'twitter' => '',
  'message' => '',
)  
[2019-08-02 10:50:44] development.DEBUG: array (
  'user_email' => 'tzlilyos@gmail.com',
  'new_password' => '',
)  
[2019-08-02 10:51:41] development.DEBUG: password  
[2019-08-02 10:51:41] development.DEBUG: array (
  '_method' => 'PUT',
  '_token' => 'JEhw7gaifvsszrKtzVFnBpa4y4z2yR476P075exW',
  'name' => 'tzlil sifu',
  'email' => 'tzlilyos@gmail.com',
  'mobile' => '35679037467',
  'desk' => '3',
  'source' => '28',
  'stage_id' => '42',
  'language' => 'Italian',
  'courses' => '',
  'change_password' => '',
  'lead_score' => '10',
  'lead_value' => '0.00',
  'sales_rep' => '1',
  'timezone' => 'Europe/Vienna',
  'state' => '',
  'country' => 'Afghanistan',
  'website' => '',
  'skype' => '',
  'linkedin' => '',
  'facebook' => '',
  'twitter' => '',
  'message' => '',
)  
[2019-08-02 10:51:41] development.DEBUG: array (
  'user_email' => 'tzlilyos@gmail.com',
  'new_password' => '',
)  
[2019-08-02 10:51:41] development.DEBUG: password  
[2019-08-02 10:51:41] development.DEBUG: array (
  '_method' => 'PUT',
  '_token' => 'JEhw7gaifvsszrKtzVFnBpa4y4z2yR476P075exW',
  'name' => 'tzlil sifu',
  'email' => 'tzlilyos@gmail.com',
  'mobile' => '35679037467',
  'desk' => '3',
  'source' => '28',
  'stage_id' => '42',
  'language' => 'Italian',
  'courses' => '',
  'change_password' => '',
  'lead_score' => '10',
  'lead_value' => '0.00',
  'sales_rep' => '1',
  'timezone' => 'Europe/Vienna',
  'state' => '',
  'country' => 'Afghanistan',
  'website' => '',
  'skype' => '',
  'linkedin' => '',
  'facebook' => '',
  'twitter' => '',
  'message' => '',
)  
[2019-08-02 10:51:41] development.DEBUG: array (
  'user_email' => 'tzlilyos@gmail.com',
  'new_password' => '',
)  
[2019-08-02 10:52:26] development.DEBUG: password  
[2019-08-02 10:52:26] development.DEBUG: array (
  '_method' => 'PUT',
  '_token' => 'JEhw7gaifvsszrKtzVFnBpa4y4z2yR476P075exW',
  'name' => 'tzlil sifu',
  'email' => 'tzlilyos@gmail.com',
  'mobile' => '35679037467',
  'desk' => '3',
  'source' => '28',
  'stage_id' => '42',
  'language' => 'Italian',
  'courses' => '',
  'change_password' => '',
  'lead_score' => '10',
  'lead_value' => '0.00',
  'sales_rep' => '1',
  'timezone' => 'Europe/Bucharest',
  'state' => '',
  'country' => 'Afghanistan',
  'website' => '',
  'skype' => '',
  'linkedin' => '',
  'facebook' => '',
  'twitter' => '',
  'message' => '',
)  
[2019-08-02 10:52:26] development.DEBUG: array (
  'user_email' => 'tzlilyos@gmail.com',
  'new_password' => '',
)  
[2019-08-02 10:52:26] development.DEBUG: password  
[2019-08-02 10:52:26] development.DEBUG: array (
  '_method' => 'PUT',
  '_token' => 'JEhw7gaifvsszrKtzVFnBpa4y4z2yR476P075exW',
  'name' => 'tzlil sifu',
  'email' => 'tzlilyos@gmail.com',
  'mobile' => '35679037467',
  'desk' => '3',
  'source' => '28',
  'stage_id' => '42',
  'language' => 'Italian',
  'courses' => '',
  'change_password' => '',
  'lead_score' => '10',
  'lead_value' => '0.00',
  'sales_rep' => '1',
  'timezone' => 'Europe/Bucharest',
  'state' => '',
  'country' => 'Afghanistan',
  'website' => '',
  'skype' => '',
  'linkedin' => '',
  'facebook' => '',
  'twitter' => '',
  'message' => '',
)  
[2019-08-02 10:52:26] development.DEBUG: array (
  'user_email' => 'tzlilyos@gmail.com',
  'new_password' => '',
)  
[2019-08-02 10:53:31] development.DEBUG: password  
[2019-08-02 10:53:31] development.DEBUG: array (
  '_method' => 'PUT',
  '_token' => 'JEhw7gaifvsszrKtzVFnBpa4y4z2yR476P075exW',
  'name' => 'tzlil sifu',
  'email' => 'tzlilyos@gmail.com',
  'mobile' => '35679037467',
  'desk' => '3',
  'source' => '28',
  'stage_id' => '42',
  'language' => 'Italian',
  'courses' => '',
  'change_password' => '',
  'lead_score' => '10',
  'lead_value' => '0.00',
  'sales_rep' => '1',
  'timezone' => 'America/Argentina/Buenos_Aires',
  'state' => '',
  'country' => 'Afghanistan',
  'website' => '',
  'skype' => '',
  'linkedin' => '',
  'facebook' => '',
  'twitter' => '',
  'message' => '',
)  
[2019-08-02 10:53:31] development.DEBUG: array (
  'user_email' => 'tzlilyos@gmail.com',
  'new_password' => '',
)  
[2019-08-02 10:53:32] development.DEBUG: password  
[2019-08-02 10:53:32] development.DEBUG: array (
  '_method' => 'PUT',
  '_token' => 'JEhw7gaifvsszrKtzVFnBpa4y4z2yR476P075exW',
  'name' => 'tzlil sifu',
  'email' => 'tzlilyos@gmail.com',
  'mobile' => '35679037467',
  'desk' => '3',
  'source' => '28',
  'stage_id' => '42',
  'language' => 'Italian',
  'courses' => '',
  'change_password' => '',
  'lead_score' => '10',
  'lead_value' => '0.00',
  'sales_rep' => '1',
  'timezone' => 'America/Argentina/Buenos_Aires',
  'state' => '',
  'country' => 'Afghanistan',
  'website' => '',
  'skype' => '',
  'linkedin' => '',
  'facebook' => '',
  'twitter' => '',
  'message' => '',
)  
[2019-08-02 10:53:32] development.DEBUG: array (
  'user_email' => 'tzlilyos@gmail.com',
  'new_password' => '',
)  
[2019-08-02 10:54:09] development.DEBUG: password  
[2019-08-02 10:54:09] development.DEBUG: array (
  '_method' => 'PUT',
  '_token' => 'JEhw7gaifvsszrKtzVFnBpa4y4z2yR476P075exW',
  'name' => 'tzlil sifu',
  'email' => 'tzlilyos@gmail.com',
  'mobile' => '35679037467',
  'desk' => '3',
  'source' => '28',
  'stage_id' => '42',
  'language' => 'Italian',
  'courses' => '',
  'change_password' => '',
  'lead_score' => '10',
  'lead_value' => '0.00',
  'sales_rep' => '1',
  'timezone' => 'Europe/Athens',
  'state' => '',
  'country' => 'Afghanistan',
  'website' => '',
  'skype' => '',
  'linkedin' => '',
  'facebook' => '',
  'twitter' => '',
  'message' => '',
)  
[2019-08-02 10:54:09] development.DEBUG: array (
  'user_email' => 'tzlilyos@gmail.com',
  'new_password' => '',
)  
[2019-08-02 10:54:09] development.DEBUG: password  
[2019-08-02 10:54:09] development.DEBUG: array (
  '_method' => 'PUT',
  '_token' => 'JEhw7gaifvsszrKtzVFnBpa4y4z2yR476P075exW',
  'name' => 'tzlil sifu',
  'email' => 'tzlilyos@gmail.com',
  'mobile' => '35679037467',
  'desk' => '3',
  'source' => '28',
  'stage_id' => '42',
  'language' => 'Italian',
  'courses' => '',
  'change_password' => '',
  'lead_score' => '10',
  'lead_value' => '0.00',
  'sales_rep' => '1',
  'timezone' => 'Europe/Athens',
  'state' => '',
  'country' => 'Afghanistan',
  'website' => '',
  'skype' => '',
  'linkedin' => '',
  'facebook' => '',
  'twitter' => '',
  'message' => '',
)  
[2019-08-02 10:54:09] development.DEBUG: array (
  'user_email' => 'tzlilyos@gmail.com',
  'new_password' => '',
)  
[2019-08-02 10:54:45] development.DEBUG: password  
[2019-08-02 10:54:45] development.DEBUG: array (
  '_method' => 'PUT',
  '_token' => 'JEhw7gaifvsszrKtzVFnBpa4y4z2yR476P075exW',
  'name' => 'tzlil sifu',
  'email' => 'tzlilyos@gmail.com',
  'mobile' => '35679037467',
  'desk' => '3',
  'source' => '28',
  'stage_id' => '42',
  'language' => 'Italian',
  'courses' => '',
  'change_password' => '',
  'lead_score' => '10',
  'lead_value' => '0.00',
  'sales_rep' => '1',
  'timezone' => 'Europe/Kiev',
  'state' => '',
  'country' => 'Afghanistan',
  'website' => '',
  'skype' => '',
  'linkedin' => '',
  'facebook' => '',
  'twitter' => '',
  'message' => '',
)  
[2019-08-02 10:54:45] development.DEBUG: array (
  'user_email' => 'tzlilyos@gmail.com',
  'new_password' => '',
)  
[2019-08-02 10:54:45] development.DEBUG: password  
[2019-08-02 10:54:45] development.DEBUG: array (
  '_method' => 'PUT',
  '_token' => 'JEhw7gaifvsszrKtzVFnBpa4y4z2yR476P075exW',
  'name' => 'tzlil sifu',
  'email' => 'tzlilyos@gmail.com',
  'mobile' => '35679037467',
  'desk' => '3',
  'source' => '28',
  'stage_id' => '42',
  'language' => 'Italian',
  'courses' => '',
  'change_password' => '',
  'lead_score' => '10',
  'lead_value' => '0.00',
  'sales_rep' => '1',
  'timezone' => 'Europe/Kiev',
  'state' => '',
  'country' => 'Afghanistan',
  'website' => '',
  'skype' => '',
  'linkedin' => '',
  'facebook' => '',
  'twitter' => '',
  'message' => '',
)  
[2019-08-02 10:54:45] development.DEBUG: array (
  'user_email' => 'tzlilyos@gmail.com',
  'new_password' => '',
)  
[2019-08-02 10:55:30] development.DEBUG: password  
[2019-08-02 10:55:30] development.DEBUG: array (
  '_method' => 'PUT',
  '_token' => 'JEhw7gaifvsszrKtzVFnBpa4y4z2yR476P075exW',
  'name' => 'tzlil sifu',
  'email' => 'tzlilyos@gmail.com',
  'mobile' => '35679037467',
  'desk' => '3',
  'source' => '28',
  'stage_id' => '42',
  'language' => 'Italian',
  'courses' => '',
  'change_password' => '',
  'lead_score' => '10',
  'lead_value' => '0.00',
  'sales_rep' => '1',
  'timezone' => 'Europe/Berlin',
  'state' => '',
  'country' => 'Afghanistan',
  'website' => '',
  'skype' => '',
  'linkedin' => '',
  'facebook' => '',
  'twitter' => '',
  'message' => '',
)  
[2019-08-02 10:55:30] development.DEBUG: array (
  'user_email' => 'tzlilyos@gmail.com',
  'new_password' => '',
)  
[2019-08-02 10:55:30] development.DEBUG: password  
[2019-08-02 10:55:30] development.DEBUG: array (
  '_method' => 'PUT',
  '_token' => 'JEhw7gaifvsszrKtzVFnBpa4y4z2yR476P075exW',
  'name' => 'tzlil sifu',
  'email' => 'tzlilyos@gmail.com',
  'mobile' => '35679037467',
  'desk' => '3',
  'source' => '28',
  'stage_id' => '42',
  'language' => 'Italian',
  'courses' => '',
  'change_password' => '',
  'lead_score' => '10',
  'lead_value' => '0.00',
  'sales_rep' => '1',
  'timezone' => 'Europe/Berlin',
  'state' => '',
  'country' => 'Afghanistan',
  'website' => '',
  'skype' => '',
  'linkedin' => '',
  'facebook' => '',
  'twitter' => '',
  'message' => '',
)  
[2019-08-02 10:55:30] development.DEBUG: array (
  'user_email' => 'tzlilyos@gmail.com',
  'new_password' => '',
)  
[2019-08-02 10:56:32] development.DEBUG: password  
[2019-08-02 10:56:32] development.DEBUG: array (
  '_method' => 'PUT',
  '_token' => 'JEhw7gaifvsszrKtzVFnBpa4y4z2yR476P075exW',
  'name' => 'tzlil sifu',
  'email' => 'tzlilyos@gmail.com',
  'mobile' => '35679037467',
  'desk' => '3',
  'source' => '28',
  'stage_id' => '42',
  'language' => 'Italian',
  'courses' => '',
  'change_password' => '',
  'lead_score' => '10',
  'lead_value' => '0.00',
  'sales_rep' => '1',
  'timezone' => 'Europe/Copenhagen',
  'state' => '',
  'country' => 'Afghanistan',
  'website' => '',
  'skype' => '',
  'linkedin' => '',
  'facebook' => '',
  'twitter' => '',
  'message' => '',
)  
[2019-08-02 10:56:32] development.DEBUG: array (
  'user_email' => 'tzlilyos@gmail.com',
  'new_password' => '',
)  
[2019-08-02 10:56:33] development.DEBUG: password  
[2019-08-02 10:56:33] development.DEBUG: array (
  '_method' => 'PUT',
  '_token' => 'JEhw7gaifvsszrKtzVFnBpa4y4z2yR476P075exW',
  'name' => 'tzlil sifu',
  'email' => 'tzlilyos@gmail.com',
  'mobile' => '35679037467',
  'desk' => '3',
  'source' => '28',
  'stage_id' => '42',
  'language' => 'Italian',
  'courses' => '',
  'change_password' => '',
  'lead_score' => '10',
  'lead_value' => '0.00',
  'sales_rep' => '1',
  'timezone' => 'Europe/Copenhagen',
  'state' => '',
  'country' => 'Afghanistan',
  'website' => '',
  'skype' => '',
  'linkedin' => '',
  'facebook' => '',
  'twitter' => '',
  'message' => '',
)  
[2019-08-02 10:56:33] development.DEBUG: array (
  'user_email' => 'tzlilyos@gmail.com',
  'new_password' => '',
)  
[2019-08-02 10:57:22] development.DEBUG: password  
[2019-08-02 10:57:22] development.DEBUG: array (
  '_method' => 'PUT',
  '_token' => 'JEhw7gaifvsszrKtzVFnBpa4y4z2yR476P075exW',
  'name' => 'tzlil sifu',
  'email' => 'tzlilyos@gmail.com',
  'mobile' => '35679037467',
  'desk' => '3',
  'source' => '28',
  'stage_id' => '42',
  'language' => 'Italian',
  'courses' => '',
  'change_password' => '',
  'lead_score' => '10',
  'lead_value' => '0.00',
  'sales_rep' => '1',
  'timezone' => 'Asia/Jakarta',
  'state' => '',
  'country' => 'Afghanistan',
  'website' => '',
  'skype' => '',
  'linkedin' => '',
  'facebook' => '',
  'twitter' => '',
  'message' => '',
)  
[2019-08-02 10:57:22] development.DEBUG: array (
  'user_email' => 'tzlilyos@gmail.com',
  'new_password' => '',
)  
[2019-08-02 10:57:22] development.DEBUG: password  
[2019-08-02 10:57:22] development.DEBUG: array (
  '_method' => 'PUT',
  '_token' => 'JEhw7gaifvsszrKtzVFnBpa4y4z2yR476P075exW',
  'name' => 'tzlil sifu',
  'email' => 'tzlilyos@gmail.com',
  'mobile' => '35679037467',
  'desk' => '3',
  'source' => '28',
  'stage_id' => '42',
  'language' => 'Italian',
  'courses' => '',
  'change_password' => '',
  'lead_score' => '10',
  'lead_value' => '0.00',
  'sales_rep' => '1',
  'timezone' => 'Asia/Jakarta',
  'state' => '',
  'country' => 'Afghanistan',
  'website' => '',
  'skype' => '',
  'linkedin' => '',
  'facebook' => '',
  'twitter' => '',
  'message' => '',
)  
[2019-08-02 10:57:22] development.DEBUG: array (
  'user_email' => 'tzlilyos@gmail.com',
  'new_password' => '',
)  
[2019-08-02 10:58:00] development.DEBUG: password  
[2019-08-02 10:58:00] development.DEBUG: array (
  '_method' => 'PUT',
  '_token' => 'JEhw7gaifvsszrKtzVFnBpa4y4z2yR476P075exW',
  'name' => 'tzlil sifu',
  'email' => 'tzlilyos@gmail.com',
  'mobile' => '35679037467',
  'desk' => '3',
  'source' => '28',
  'stage_id' => '42',
  'language' => 'Italian',
  'courses' => '',
  'change_password' => '',
  'lead_score' => '10',
  'lead_value' => '0.00',
  'sales_rep' => '1',
  'timezone' => 'America/Mexico_City',
  'state' => '',
  'country' => 'Afghanistan',
  'website' => '',
  'skype' => '',
  'linkedin' => '',
  'facebook' => '',
  'twitter' => '',
  'message' => '',
)  
[2019-08-02 10:58:00] development.DEBUG: array (
  'user_email' => 'tzlilyos@gmail.com',
  'new_password' => '',
)  
[2019-08-02 10:58:00] development.DEBUG: password  
[2019-08-02 10:58:00] development.DEBUG: array (
  '_method' => 'PUT',
  '_token' => 'JEhw7gaifvsszrKtzVFnBpa4y4z2yR476P075exW',
  'name' => 'tzlil sifu',
  'email' => 'tzlilyos@gmail.com',
  'mobile' => '35679037467',
  'desk' => '3',
  'source' => '28',
  'stage_id' => '42',
  'language' => 'Italian',
  'courses' => '',
  'change_password' => '',
  'lead_score' => '10',
  'lead_value' => '0.00',
  'sales_rep' => '1',
  'timezone' => 'America/Mexico_City',
  'state' => '',
  'country' => 'Afghanistan',
  'website' => '',
  'skype' => '',
  'linkedin' => '',
  'facebook' => '',
  'twitter' => '',
  'message' => '',
)  
[2019-08-02 10:58:00] development.DEBUG: array (
  'user_email' => 'tzlilyos@gmail.com',
  'new_password' => '',
)  
[2019-08-02 10:58:48] development.DEBUG: password  
[2019-08-02 10:58:48] development.DEBUG: array (
  '_method' => 'PUT',
  '_token' => 'JEhw7gaifvsszrKtzVFnBpa4y4z2yR476P075exW',
  'name' => 'tzlil sifu',
  'email' => 'tzlilyos@gmail.com',
  'mobile' => '35679037467',
  'desk' => '3',
  'source' => '28',
  'stage_id' => '42',
  'language' => 'Italian',
  'courses' => '',
  'change_password' => '',
  'lead_score' => '10',
  'lead_value' => '0.00',
  'sales_rep' => '1',
  'timezone' => 'Europe/London',
  'state' => '',
  'country' => 'Afghanistan',
  'website' => '',
  'skype' => '',
  'linkedin' => '',
  'facebook' => '',
  'twitter' => '',
  'message' => '',
)  
[2019-08-02 10:58:48] development.DEBUG: array (
  'user_email' => 'tzlilyos@gmail.com',
  'new_password' => '',
)  
[2019-08-02 10:58:48] development.DEBUG: password  
[2019-08-02 10:58:48] development.DEBUG: array (
  '_method' => 'PUT',
  '_token' => 'JEhw7gaifvsszrKtzVFnBpa4y4z2yR476P075exW',
  'name' => 'tzlil sifu',
  'email' => 'tzlilyos@gmail.com',
  'mobile' => '35679037467',
  'desk' => '3',
  'source' => '28',
  'stage_id' => '42',
  'language' => 'Italian',
  'courses' => '',
  'change_password' => '',
  'lead_score' => '10',
  'lead_value' => '0.00',
  'sales_rep' => '1',
  'timezone' => 'Europe/London',
  'state' => '',
  'country' => 'Afghanistan',
  'website' => '',
  'skype' => '',
  'linkedin' => '',
  'facebook' => '',
  'twitter' => '',
  'message' => '',
)  
[2019-08-02 10:58:48] development.DEBUG: array (
  'user_email' => 'tzlilyos@gmail.com',
  'new_password' => '',
)  
[2019-08-02 11:05:59] development.DEBUG: password  
[2019-08-02 11:05:59] development.DEBUG: array (
  '_method' => 'PUT',
  '_token' => 'JEhw7gaifvsszrKtzVFnBpa4y4z2yR476P075exW',
  'name' => 'tzlil sifu',
  'email' => 'tzlilyos@gmail.com',
  'mobile' => '35679037467',
  'desk' => '3',
  'source' => '28',
  'stage_id' => '42',
  'language' => 'Italian',
  'courses' => '',
  'change_password' => '',
  'lead_score' => '10',
  'lead_value' => '0.00',
  'sales_rep' => '1',
  'timezone' => 'Asia/Ulaanbaatar',
  'state' => '',
  'country' => 'Afghanistan',
  'website' => '',
  'skype' => '',
  'linkedin' => '',
  'facebook' => '',
  'twitter' => '',
  'message' => '',
)  
[2019-08-02 11:05:59] development.DEBUG: array (
  'user_email' => 'tzlilyos@gmail.com',
  'new_password' => '',
)  
[2019-08-02 11:06:00] development.DEBUG: password  
[2019-08-02 11:06:00] development.DEBUG: array (
  '_method' => 'PUT',
  '_token' => 'JEhw7gaifvsszrKtzVFnBpa4y4z2yR476P075exW',
  'name' => 'tzlil sifu',
  'email' => 'tzlilyos@gmail.com',
  'mobile' => '35679037467',
  'desk' => '3',
  'source' => '28',
  'stage_id' => '42',
  'language' => 'Italian',
  'courses' => '',
  'change_password' => '',
  'lead_score' => '10',
  'lead_value' => '0.00',
  'sales_rep' => '1',
  'timezone' => 'Asia/Ulaanbaatar',
  'state' => '',
  'country' => 'Afghanistan',
  'website' => '',
  'skype' => '',
  'linkedin' => '',
  'facebook' => '',
  'twitter' => '',
  'message' => '',
)  
[2019-08-02 11:06:00] development.DEBUG: array (
  'user_email' => 'tzlilyos@gmail.com',
  'new_password' => '',
)  
[2019-08-02 11:06:58] development.DEBUG: password  
[2019-08-02 11:06:58] development.DEBUG: array (
  '_method' => 'PUT',
  '_token' => 'JEhw7gaifvsszrKtzVFnBpa4y4z2yR476P075exW',
  'name' => 'tzlil sifu',
  'email' => 'tzlilyos@gmail.com',
  'mobile' => '35679037467',
  'desk' => '3',
  'source' => '28',
  'stage_id' => '42',
  'language' => 'Italian',
  'courses' => '',
  'change_password' => '',
  'lead_score' => '10',
  'lead_value' => '0.00',
  'sales_rep' => '1',
  'timezone' => 'Africa/Addis_Ababa',
  'state' => '',
  'country' => 'Afghanistan',
  'website' => '',
  'skype' => '',
  'linkedin' => '',
  'facebook' => '',
  'twitter' => '',
  'message' => '',
)  
[2019-08-02 11:06:58] development.DEBUG: array (
  'user_email' => 'tzlilyos@gmail.com',
  'new_password' => '',
)  
[2019-08-02 11:06:59] development.DEBUG: password  
[2019-08-02 11:06:59] development.DEBUG: array (
  '_method' => 'PUT',
  '_token' => 'JEhw7gaifvsszrKtzVFnBpa4y4z2yR476P075exW',
  'name' => 'tzlil sifu',
  'email' => 'tzlilyos@gmail.com',
  'mobile' => '35679037467',
  'desk' => '3',
  'source' => '28',
  'stage_id' => '42',
  'language' => 'Italian',
  'courses' => '',
  'change_password' => '',
  'lead_score' => '10',
  'lead_value' => '0.00',
  'sales_rep' => '1',
  'timezone' => 'Africa/Addis_Ababa',
  'state' => '',
  'country' => 'Afghanistan',
  'website' => '',
  'skype' => '',
  'linkedin' => '',
  'facebook' => '',
  'twitter' => '',
  'message' => '',
)  
[2019-08-02 11:06:59] development.DEBUG: array (
  'user_email' => 'tzlilyos@gmail.com',
  'new_password' => '',
)  
[2019-08-02 11:08:04] development.DEBUG: password  
[2019-08-02 11:08:04] development.DEBUG: array (
  '_method' => 'PUT',
  '_token' => 'JEhw7gaifvsszrKtzVFnBpa4y4z2yR476P075exW',
  'name' => 'tzlil sifu',
  'email' => 'tzlilyos@gmail.com',
  'mobile' => '35679037467',
  'desk' => '3',
  'source' => '28',
  'stage_id' => '42',
  'language' => 'Italian',
  'courses' => '',
  'change_password' => '',
  'lead_score' => '10',
  'lead_value' => '0.00',
  'sales_rep' => '1',
  'timezone' => 'Australia/Sydney',
  'state' => '',
  'country' => 'Afghanistan',
  'website' => '',
  'skype' => '',
  'linkedin' => '',
  'facebook' => '',
  'twitter' => '',
  'message' => '',
)  
[2019-08-02 11:08:04] development.DEBUG: array (
  'user_email' => 'tzlilyos@gmail.com',
  'new_password' => '',
)  
[2019-08-02 11:08:04] development.DEBUG: password  
[2019-08-02 11:08:04] development.DEBUG: array (
  '_method' => 'PUT',
  '_token' => 'JEhw7gaifvsszrKtzVFnBpa4y4z2yR476P075exW',
  'name' => 'tzlil sifu',
  'email' => 'tzlilyos@gmail.com',
  'mobile' => '35679037467',
  'desk' => '3',
  'source' => '28',
  'stage_id' => '42',
  'language' => 'Italian',
  'courses' => '',
  'change_password' => '',
  'lead_score' => '10',
  'lead_value' => '0.00',
  'sales_rep' => '1',
  'timezone' => 'Australia/Sydney',
  'state' => '',
  'country' => 'Afghanistan',
  'website' => '',
  'skype' => '',
  'linkedin' => '',
  'facebook' => '',
  'twitter' => '',
  'message' => '',
)  
[2019-08-02 11:08:04] development.DEBUG: array (
  'user_email' => 'tzlilyos@gmail.com',
  'new_password' => '',
)  
[2019-08-02 11:09:02] development.DEBUG: password  
[2019-08-02 11:09:02] development.DEBUG: array (
  '_method' => 'PUT',
  '_token' => 'JEhw7gaifvsszrKtzVFnBpa4y4z2yR476P075exW',
  'name' => 'tzlil sifu',
  'email' => 'tzlilyos@gmail.com',
  'mobile' => '35679037467',
  'desk' => '3',
  'source' => '28',
  'stage_id' => '42',
  'language' => 'Italian',
  'courses' => '',
  'change_password' => '',
  'lead_score' => '10',
  'lead_value' => '0.00',
  'sales_rep' => '1',
  'timezone' => 'Africa/Gaborone',
  'state' => '',
  'country' => 'Afghanistan',
  'website' => '',
  'skype' => '',
  'linkedin' => '',
  'facebook' => '',
  'twitter' => '',
  'message' => '',
)  
[2019-08-02 11:09:02] development.DEBUG: array (
  'user_email' => 'tzlilyos@gmail.com',
  'new_password' => '',
)  
[2019-08-02 11:09:04] development.DEBUG: password  
[2019-08-02 11:09:04] development.DEBUG: array (
  '_method' => 'PUT',
  '_token' => 'JEhw7gaifvsszrKtzVFnBpa4y4z2yR476P075exW',
  'name' => 'tzlil sifu',
  'email' => 'tzlilyos@gmail.com',
  'mobile' => '35679037467',
  'desk' => '3',
  'source' => '28',
  'stage_id' => '42',
  'language' => 'Italian',
  'courses' => '',
  'change_password' => '',
  'lead_score' => '10',
  'lead_value' => '0.00',
  'sales_rep' => '1',
  'timezone' => 'Africa/Gaborone',
  'state' => '',
  'country' => 'Afghanistan',
  'website' => '',
  'skype' => '',
  'linkedin' => '',
  'facebook' => '',
  'twitter' => '',
  'message' => '',
)  
[2019-08-02 11:09:04] development.DEBUG: array (
  'user_email' => 'tzlilyos@gmail.com',
  'new_password' => '',
)  
[2019-08-02 11:09:58] development.DEBUG: password  
[2019-08-02 11:09:58] development.DEBUG: array (
  '_method' => 'PUT',
  '_token' => 'JEhw7gaifvsszrKtzVFnBpa4y4z2yR476P075exW',
  'name' => 'tzlil sifu',
  'email' => 'tzlilyos@gmail.com',
  'mobile' => '35679037467',
  'desk' => '3',
  'source' => '28',
  'stage_id' => '42',
  'language' => 'Italian',
  'courses' => '',
  'change_password' => '',
  'lead_score' => '10',
  'lead_value' => '0.00',
  'sales_rep' => '1',
  'timezone' => 'Asia/Tehran',
  'state' => '',
  'country' => 'Afghanistan',
  'website' => '',
  'skype' => '',
  'linkedin' => '',
  'facebook' => '',
  'twitter' => '',
  'message' => '',
)  
[2019-08-02 11:09:58] development.DEBUG: array (
  'user_email' => 'tzlilyos@gmail.com',
  'new_password' => '',
)  
[2019-08-02 11:09:58] development.DEBUG: password  
[2019-08-02 11:09:58] development.DEBUG: array (
  '_method' => 'PUT',
  '_token' => 'JEhw7gaifvsszrKtzVFnBpa4y4z2yR476P075exW',
  'name' => 'tzlil sifu',
  'email' => 'tzlilyos@gmail.com',
  'mobile' => '35679037467',
  'desk' => '3',
  'source' => '28',
  'stage_id' => '42',
  'language' => 'Italian',
  'courses' => '',
  'change_password' => '',
  'lead_score' => '10',
  'lead_value' => '0.00',
  'sales_rep' => '1',
  'timezone' => 'Asia/Tehran',
  'state' => '',
  'country' => 'Afghanistan',
  'website' => '',
  'skype' => '',
  'linkedin' => '',
  'facebook' => '',
  'twitter' => '',
  'message' => '',
)  
[2019-08-02 11:09:58] development.DEBUG: array (
  'user_email' => 'tzlilyos@gmail.com',
  'new_password' => '',
)  
[2019-08-02 11:10:48] development.DEBUG: password  
[2019-08-02 11:10:48] development.DEBUG: array (
  '_method' => 'PUT',
  '_token' => 'JEhw7gaifvsszrKtzVFnBpa4y4z2yR476P075exW',
  'name' => 'tzlil sifu',
  'email' => 'tzlilyos@gmail.com',
  'mobile' => '35679037467',
  'desk' => '3',
  'source' => '28',
  'stage_id' => '42',
  'language' => 'Italian',
  'courses' => '',
  'change_password' => '',
  'lead_score' => '10',
  'lead_value' => '0.00',
  'sales_rep' => '1',
  'timezone' => 'Africa/Banjul',
  'state' => '',
  'country' => 'Afghanistan',
  'website' => '',
  'skype' => '',
  'linkedin' => '',
  'facebook' => '',
  'twitter' => '',
  'message' => '',
)  
[2019-08-02 11:10:48] development.DEBUG: array (
  'user_email' => 'tzlilyos@gmail.com',
  'new_password' => '',
)  
[2019-08-02 11:10:48] development.DEBUG: password  
[2019-08-02 11:10:48] development.DEBUG: array (
  '_method' => 'PUT',
  '_token' => 'JEhw7gaifvsszrKtzVFnBpa4y4z2yR476P075exW',
  'name' => 'tzlil sifu',
  'email' => 'tzlilyos@gmail.com',
  'mobile' => '35679037467',
  'desk' => '3',
  'source' => '28',
  'stage_id' => '42',
  'language' => 'Italian',
  'courses' => '',
  'change_password' => '',
  'lead_score' => '10',
  'lead_value' => '0.00',
  'sales_rep' => '1',
  'timezone' => 'Africa/Banjul',
  'state' => '',
  'country' => 'Afghanistan',
  'website' => '',
  'skype' => '',
  'linkedin' => '',
  'facebook' => '',
  'twitter' => '',
  'message' => '',
)  
[2019-08-02 11:10:48] development.DEBUG: array (
  'user_email' => 'tzlilyos@gmail.com',
  'new_password' => '',
)  
[2019-08-02 11:12:29] development.DEBUG: password  
[2019-08-02 11:12:29] development.DEBUG: array (
  '_method' => 'PUT',
  '_token' => 'JEhw7gaifvsszrKtzVFnBpa4y4z2yR476P075exW',
  'name' => 'tzlil sifu',
  'email' => 'tzlilyos@gmail.com',
  'mobile' => '35679037467',
  'desk' => '3',
  'source' => '28',
  'stage_id' => '42',
  'language' => 'Italian',
  'courses' => '',
  'change_password' => '',
  'lead_score' => '10',
  'lead_value' => '0.00',
  'sales_rep' => '1',
  'timezone' => 'Asia/Tehran',
  'state' => '',
  'country' => 'Afghanistan',
  'website' => '',
  'skype' => '',
  'linkedin' => '',
  'facebook' => '',
  'twitter' => '',
  'message' => '',
)  
[2019-08-02 11:12:30] development.DEBUG: array (
  'user_email' => 'tzlilyos@gmail.com',
  'new_password' => '',
)  
[2019-08-02 11:12:30] development.DEBUG: password  
[2019-08-02 11:12:30] development.DEBUG: array (
  '_method' => 'PUT',
  '_token' => 'JEhw7gaifvsszrKtzVFnBpa4y4z2yR476P075exW',
  'name' => 'tzlil sifu',
  'email' => 'tzlilyos@gmail.com',
  'mobile' => '35679037467',
  'desk' => '3',
  'source' => '28',
  'stage_id' => '42',
  'language' => 'Italian',
  'courses' => '',
  'change_password' => '',
  'lead_score' => '10',
  'lead_value' => '0.00',
  'sales_rep' => '1',
  'timezone' => 'Asia/Tehran',
  'state' => '',
  'country' => 'Afghanistan',
  'website' => '',
  'skype' => '',
  'linkedin' => '',
  'facebook' => '',
  'twitter' => '',
  'message' => '',
)  
[2019-08-02 11:12:30] development.DEBUG: array (
  'user_email' => 'tzlilyos@gmail.com',
  'new_password' => '',
)  
[2019-08-02 11:14:22] development.DEBUG: password  
[2019-08-02 11:14:22] development.DEBUG: array (
  '_method' => 'PUT',
  '_token' => 'JEhw7gaifvsszrKtzVFnBpa4y4z2yR476P075exW',
  'name' => 'tzlil sifu',
  'email' => 'tzlilyos@gmail.com',
  'mobile' => '35679037467',
  'desk' => '3',
  'source' => '28',
  'stage_id' => '42',
  'language' => 'Italian',
  'courses' => '',
  'change_password' => '',
  'lead_score' => '10',
  'lead_value' => '0.00',
  'sales_rep' => '1',
  'timezone' => 'America/Belem',
  'state' => '',
  'country' => 'Afghanistan',
  'website' => '',
  'skype' => '',
  'linkedin' => '',
  'facebook' => '',
  'twitter' => '',
  'message' => '',
)  
[2019-08-02 11:14:22] development.DEBUG: array (
  'user_email' => 'tzlilyos@gmail.com',
  'new_password' => '',
)  
[2019-08-02 11:14:23] development.DEBUG: password  
[2019-08-02 11:14:23] development.DEBUG: array (
  '_method' => 'PUT',
  '_token' => 'JEhw7gaifvsszrKtzVFnBpa4y4z2yR476P075exW',
  'name' => 'tzlil sifu',
  'email' => 'tzlilyos@gmail.com',
  'mobile' => '35679037467',
  'desk' => '3',
  'source' => '28',
  'stage_id' => '42',
  'language' => 'Italian',
  'courses' => '',
  'change_password' => '',
  'lead_score' => '10',
  'lead_value' => '0.00',
  'sales_rep' => '1',
  'timezone' => 'America/Belem',
  'state' => '',
  'country' => 'Afghanistan',
  'website' => '',
  'skype' => '',
  'linkedin' => '',
  'facebook' => '',
  'twitter' => '',
  'message' => '',
)  
[2019-08-02 11:14:23] development.DEBUG: array (
  'user_email' => 'tzlilyos@gmail.com',
  'new_password' => '',
)  
[2019-08-02 11:15:01] development.DEBUG: password  
[2019-08-02 11:15:01] development.DEBUG: array (
  '_method' => 'PUT',
  '_token' => 'JEhw7gaifvsszrKtzVFnBpa4y4z2yR476P075exW',
  'name' => 'tzlil sifu',
  'email' => 'tzlilyos@gmail.com',
  'mobile' => '35679037467',
  'desk' => '3',
  'source' => '28',
  'stage_id' => '42',
  'language' => 'Italian',
  'courses' => '',
  'change_password' => '',
  'lead_score' => '10',
  'lead_value' => '0.00',
  'sales_rep' => '1',
  'timezone' => 'Europe/Istanbul',
  'state' => '',
  'country' => 'Afghanistan',
  'website' => '',
  'skype' => '',
  'linkedin' => '',
  'facebook' => '',
  'twitter' => '',
  'message' => '',
)  
[2019-08-02 11:15:01] development.DEBUG: array (
  'user_email' => 'tzlilyos@gmail.com',
  'new_password' => '',
)  
[2019-08-02 11:15:01] development.DEBUG: password  
[2019-08-02 11:15:01] development.DEBUG: array (
  '_method' => 'PUT',
  '_token' => 'JEhw7gaifvsszrKtzVFnBpa4y4z2yR476P075exW',
  'name' => 'tzlil sifu',
  'email' => 'tzlilyos@gmail.com',
  'mobile' => '35679037467',
  'desk' => '3',
  'source' => '28',
  'stage_id' => '42',
  'language' => 'Italian',
  'courses' => '',
  'change_password' => '',
  'lead_score' => '10',
  'lead_value' => '0.00',
  'sales_rep' => '1',
  'timezone' => 'Europe/Istanbul',
  'state' => '',
  'country' => 'Afghanistan',
  'website' => '',
  'skype' => '',
  'linkedin' => '',
  'facebook' => '',
  'twitter' => '',
  'message' => '',
)  
[2019-08-02 11:15:01] development.DEBUG: array (
  'user_email' => 'tzlilyos@gmail.com',
  'new_password' => '',
)  
[2019-08-02 11:16:00] development.DEBUG: password  
[2019-08-02 11:16:00] development.DEBUG: array (
  '_method' => 'PUT',
  '_token' => 'JEhw7gaifvsszrKtzVFnBpa4y4z2yR476P075exW',
  'name' => 'tzlil sifu',
  'email' => 'tzlilyos@gmail.com',
  'mobile' => '35679037467',
  'desk' => '3',
  'source' => '28',
  'stage_id' => '42',
  'language' => 'Italian',
  'courses' => '',
  'change_password' => '',
  'lead_score' => '10',
  'lead_value' => '0.00',
  'sales_rep' => '1',
  'timezone' => 'America/Caracas',
  'state' => '',
  'country' => 'Afghanistan',
  'website' => '',
  'skype' => '',
  'linkedin' => '',
  'facebook' => '',
  'twitter' => '',
  'message' => '',
)  
[2019-08-02 11:16:00] development.DEBUG: array (
  'user_email' => 'tzlilyos@gmail.com',
  'new_password' => '',
)  
[2019-08-02 11:16:01] development.DEBUG: password  
[2019-08-02 11:16:01] development.DEBUG: array (
  '_method' => 'PUT',
  '_token' => 'JEhw7gaifvsszrKtzVFnBpa4y4z2yR476P075exW',
  'name' => 'tzlil sifu',
  'email' => 'tzlilyos@gmail.com',
  'mobile' => '35679037467',
  'desk' => '3',
  'source' => '28',
  'stage_id' => '42',
  'language' => 'Italian',
  'courses' => '',
  'change_password' => '',
  'lead_score' => '10',
  'lead_value' => '0.00',
  'sales_rep' => '1',
  'timezone' => 'America/Caracas',
  'state' => '',
  'country' => 'Afghanistan',
  'website' => '',
  'skype' => '',
  'linkedin' => '',
  'facebook' => '',
  'twitter' => '',
  'message' => '',
)  
[2019-08-02 11:16:01] development.DEBUG: array (
  'user_email' => 'tzlilyos@gmail.com',
  'new_password' => '',
)  
[2019-08-02 11:16:38] development.DEBUG: password  
[2019-08-02 11:16:38] development.DEBUG: array (
  '_method' => 'PUT',
  '_token' => 'JEhw7gaifvsszrKtzVFnBpa4y4z2yR476P075exW',
  'name' => 'tzlil sifu',
  'email' => 'tzlilyos@gmail.com',
  'mobile' => '35679037467',
  'desk' => '3',
  'source' => '28',
  'stage_id' => '42',
  'language' => 'Italian',
  'courses' => '',
  'change_password' => '',
  'lead_score' => '10',
  'lead_value' => '0.00',
  'sales_rep' => '1',
  'timezone' => 'Europe/Amsterdam',
  'state' => '',
  'country' => 'Afghanistan',
  'website' => '',
  'skype' => '',
  'linkedin' => '',
  'facebook' => '',
  'twitter' => '',
  'message' => '',
)  
[2019-08-02 11:16:38] development.DEBUG: array (
  'user_email' => 'tzlilyos@gmail.com',
  'new_password' => '',
)  
[2019-08-02 11:16:39] development.DEBUG: password  
[2019-08-02 11:16:39] development.DEBUG: array (
  '_method' => 'PUT',
  '_token' => 'JEhw7gaifvsszrKtzVFnBpa4y4z2yR476P075exW',
  'name' => 'tzlil sifu',
  'email' => 'tzlilyos@gmail.com',
  'mobile' => '35679037467',
  'desk' => '3',
  'source' => '28',
  'stage_id' => '42',
  'language' => 'Italian',
  'courses' => '',
  'change_password' => '',
  'lead_score' => '10',
  'lead_value' => '0.00',
  'sales_rep' => '1',
  'timezone' => 'Europe/Amsterdam',
  'state' => '',
  'country' => 'Afghanistan',
  'website' => '',
  'skype' => '',
  'linkedin' => '',
  'facebook' => '',
  'twitter' => '',
  'message' => '',
)  
[2019-08-02 11:16:39] development.DEBUG: array (
  'user_email' => 'tzlilyos@gmail.com',
  'new_password' => '',
)  
[2019-08-02 11:17:37] development.DEBUG: password  
[2019-08-02 11:17:37] development.DEBUG: array (
  '_method' => 'PUT',
  '_token' => 'JEhw7gaifvsszrKtzVFnBpa4y4z2yR476P075exW',
  'name' => 'tzlil sifu',
  'email' => 'tzlilyos@gmail.com',
  'mobile' => '35679037467',
  'desk' => '3',
  'source' => '28',
  'stage_id' => '42',
  'language' => 'Italian',
  'courses' => '',
  'change_password' => '',
  'lead_score' => '10',
  'lead_value' => '0.00',
  'sales_rep' => '1',
  'timezone' => 'Europe/Helsinki',
  'state' => '',
  'country' => 'Afghanistan',
  'website' => '',
  'skype' => '',
  'linkedin' => '',
  'facebook' => '',
  'twitter' => '',
  'message' => '',
)  
[2019-08-02 11:17:37] development.DEBUG: array (
  'user_email' => 'tzlilyos@gmail.com',
  'new_password' => '',
)  
[2019-08-02 11:17:37] development.DEBUG: password  
[2019-08-02 11:17:37] development.DEBUG: array (
  '_method' => 'PUT',
  '_token' => 'JEhw7gaifvsszrKtzVFnBpa4y4z2yR476P075exW',
  'name' => 'tzlil sifu',
  'email' => 'tzlilyos@gmail.com',
  'mobile' => '35679037467',
  'desk' => '3',
  'source' => '28',
  'stage_id' => '42',
  'language' => 'Italian',
  'courses' => '',
  'change_password' => '',
  'lead_score' => '10',
  'lead_value' => '0.00',
  'sales_rep' => '1',
  'timezone' => 'Europe/Helsinki',
  'state' => '',
  'country' => 'Afghanistan',
  'website' => '',
  'skype' => '',
  'linkedin' => '',
  'facebook' => '',
  'twitter' => '',
  'message' => '',
)  
[2019-08-02 11:17:37] development.DEBUG: array (
  'user_email' => 'tzlilyos@gmail.com',
  'new_password' => '',
)  
[2019-08-02 11:18:18] development.DEBUG: password  
[2019-08-02 11:18:18] development.DEBUG: array (
  '_method' => 'PUT',
  '_token' => 'JEhw7gaifvsszrKtzVFnBpa4y4z2yR476P075exW',
  'name' => 'tzlil sifu',
  'email' => 'tzlilyos@gmail.com',
  'mobile' => '35679037467',
  'desk' => '3',
  'source' => '28',
  'stage_id' => '42',
  'language' => 'Italian',
  'courses' => '',
  'change_password' => '',
  'lead_score' => '10',
  'lead_value' => '0.00',
  'sales_rep' => '1',
  'timezone' => 'Europe/Sofia',
  'state' => '',
  'country' => 'Afghanistan',
  'website' => '',
  'skype' => '',
  'linkedin' => '',
  'facebook' => '',
  'twitter' => '',
  'message' => '',
)  
[2019-08-02 11:18:18] development.DEBUG: array (
  'user_email' => 'tzlilyos@gmail.com',
  'new_password' => '',
)  
[2019-08-02 11:18:18] development.DEBUG: password  
[2019-08-02 11:18:18] development.DEBUG: array (
  '_method' => 'PUT',
  '_token' => 'JEhw7gaifvsszrKtzVFnBpa4y4z2yR476P075exW',
  'name' => 'tzlil sifu',
  'email' => 'tzlilyos@gmail.com',
  'mobile' => '35679037467',
  'desk' => '3',
  'source' => '28',
  'stage_id' => '42',
  'language' => 'Italian',
  'courses' => '',
  'change_password' => '',
  'lead_score' => '10',
  'lead_value' => '0.00',
  'sales_rep' => '1',
  'timezone' => 'Europe/Sofia',
  'state' => '',
  'country' => 'Afghanistan',
  'website' => '',
  'skype' => '',
  'linkedin' => '',
  'facebook' => '',
  'twitter' => '',
  'message' => '',
)  
[2019-08-02 11:18:18] development.DEBUG: array (
  'user_email' => 'tzlilyos@gmail.com',
  'new_password' => '',
)  
[2019-08-02 11:19:24] development.DEBUG: password  
[2019-08-02 11:19:24] development.DEBUG: array (
  '_method' => 'PUT',
  '_token' => 'JEhw7gaifvsszrKtzVFnBpa4y4z2yR476P075exW',
  'name' => 'tzlil sifu',
  'email' => 'tzlilyos@gmail.com',
  'mobile' => '35679037467',
  'desk' => '3',
  'source' => '28',
  'stage_id' => '42',
  'language' => 'Italian',
  'courses' => '',
  'change_password' => '',
  'lead_score' => '10',
  'lead_value' => '0.00',
  'sales_rep' => '1',
  'timezone' => 'Europe/Brussels',
  'state' => '',
  'country' => 'Afghanistan',
  'website' => '',
  'skype' => '',
  'linkedin' => '',
  'facebook' => '',
  'twitter' => '',
  'message' => '',
)  
[2019-08-02 11:19:24] development.DEBUG: array (
  'user_email' => 'tzlilyos@gmail.com',
  'new_password' => '',
)  
[2019-08-02 11:19:24] development.DEBUG: password  
[2019-08-02 11:19:24] development.DEBUG: array (
  '_method' => 'PUT',
  '_token' => 'JEhw7gaifvsszrKtzVFnBpa4y4z2yR476P075exW',
  'name' => 'tzlil sifu',
  'email' => 'tzlilyos@gmail.com',
  'mobile' => '35679037467',
  'desk' => '3',
  'source' => '28',
  'stage_id' => '42',
  'language' => 'Italian',
  'courses' => '',
  'change_password' => '',
  'lead_score' => '10',
  'lead_value' => '0.00',
  'sales_rep' => '1',
  'timezone' => 'Europe/Brussels',
  'state' => '',
  'country' => 'Afghanistan',
  'website' => '',
  'skype' => '',
  'linkedin' => '',
  'facebook' => '',
  'twitter' => '',
  'message' => '',
)  
[2019-08-02 11:19:24] development.DEBUG: array (
  'user_email' => 'tzlilyos@gmail.com',
  'new_password' => '',
)  
[2019-08-02 11:20:37] development.DEBUG: password  
[2019-08-02 11:20:37] development.DEBUG: array (
  '_method' => 'PUT',
  '_token' => 'JEhw7gaifvsszrKtzVFnBpa4y4z2yR476P075exW',
  'name' => 'tzlil sifu',
  'email' => 'tzlilyos@gmail.com',
  'mobile' => '35679037467',
  'desk' => '3',
  'source' => '28',
  'stage_id' => '42',
  'language' => 'Italian',
  'courses' => '',
  'change_password' => '',
  'lead_score' => '10',
  'lead_value' => '0.00',
  'sales_rep' => '1',
  'timezone' => 'Africa/Lagos',
  'state' => '',
  'country' => 'Afghanistan',
  'website' => '',
  'skype' => '',
  'linkedin' => '',
  'facebook' => '',
  'twitter' => '',
  'message' => '',
)  
[2019-08-02 11:20:37] development.DEBUG: array (
  'user_email' => 'tzlilyos@gmail.com',
  'new_password' => '',
)  
[2019-08-02 11:20:42] development.DEBUG: password  
[2019-08-02 11:20:42] development.DEBUG: array (
  '_method' => 'PUT',
  '_token' => 'JEhw7gaifvsszrKtzVFnBpa4y4z2yR476P075exW',
  'name' => 'tzlil sifu',
  'email' => 'tzlilyos@gmail.com',
  'mobile' => '35679037467',
  'desk' => '3',
  'source' => '28',
  'stage_id' => '42',
  'language' => 'Italian',
  'courses' => '',
  'change_password' => '',
  'lead_score' => '10',
  'lead_value' => '0.00',
  'sales_rep' => '1',
  'timezone' => 'Africa/Lagos',
  'state' => '',
  'country' => 'Afghanistan',
  'website' => '',
  'skype' => '',
  'linkedin' => '',
  'facebook' => '',
  'twitter' => '',
  'message' => '',
)  
[2019-08-02 11:20:42] development.DEBUG: array (
  'user_email' => 'tzlilyos@gmail.com',
  'new_password' => '',
)  
[2019-08-02 11:22:18] development.DEBUG: Europe/Malta  
[2019-08-02 11:22:18] development.DEBUG: 10:22:18  
