[2019-07-16 01:44:19] development.DEBUG: password  
[2019-07-16 01:44:19] development.DEBUG: array (
  '_method' => 'PUT',
  '_token' => 'rXHGWvFuQsw4MVprhYWI3FbjkviBEovbeY1pS4Zv',
  'name' => 'Vincenzo Sbano',
  'email' => 'garandisba@libero.it',
  'mobile' => '393406231619',
  'desk' => '1',
  'source' => '28',
  'stage_id' => '42',
  'language' => 'Italy',
  'courses' => '',
  'change_password' => '',
  'lead_score' => '10',
  'lead_value' => '0.00',
  'sales_rep' => '1',
  'timezone' => 'Africa/Abidjan',
  'state' => '',
  'country' => 'Andorra',
  'website' => '',
  'skype' => '',
  'linkedin' => '',
  'facebook' => '',
  'twitter' => '',
  'message' => '',
)  
[2019-07-16 01:44:19] development.DEBUG: array (
  'user_email' => 'garandisba@libero.it',
  'new_password' => '',
)  
[2019-07-16 01:44:19] development.DEBUG: password  
[2019-07-16 01:44:19] development.DEBUG: array (
  '_method' => 'PUT',
  '_token' => 'rXHGWvFuQsw4MVprhYWI3FbjkviBEovbeY1pS4Zv',
  'name' => 'Vincenzo Sbano',
  'email' => 'garandisba@libero.it',
  'mobile' => '393406231619',
  'desk' => '1',
  'source' => '28',
  'stage_id' => '42',
  'language' => 'Italy',
  'courses' => '',
  'change_password' => '',
  'lead_score' => '10',
  'lead_value' => '0.00',
  'sales_rep' => '1',
  'timezone' => 'Africa/Abidjan',
  'state' => '',
  'country' => 'Andorra',
  'website' => '',
  'skype' => '',
  'linkedin' => '',
  'facebook' => '',
  'twitter' => '',
  'message' => '',
)  
[2019-07-16 01:44:19] development.DEBUG: array (
  'user_email' => 'garandisba@libero.it',
  'new_password' => '',
)  
[2019-07-16 01:49:23] development.DEBUG: password  
[2019-07-16 01:49:23] development.DEBUG: array (
  '_method' => 'PUT',
  '_token' => 'rXHGWvFuQsw4MVprhYWI3FbjkviBEovbeY1pS4Zv',
  'name' => 'Vincenzo Sbanoo',
  'email' => 'garandisba@libero.it',
  'mobile' => '393406231619',
  'desk' => '1',
  'source' => '28',
  'stage_id' => '42',
  'language' => 'Italy',
  'courses' => '',
  'change_password' => '',
  'lead_score' => '10',
  'lead_value' => '0.00',
  'sales_rep' => '1',
  'timezone' => 'Africa/Abidjan',
  'state' => '',
  'country' => 'Andorra',
  'website' => '',
  'skype' => '',
  'linkedin' => '',
  'facebook' => '',
  'twitter' => '',
  'message' => '',
)  
[2019-07-16 01:49:23] development.DEBUG: array (
  'user_email' => 'garandisba@libero.it',
  'new_password' => '',
)  
[2019-07-16 01:49:24] development.DEBUG: password  
[2019-07-16 01:49:24] development.DEBUG: array (
  '_method' => 'PUT',
  '_token' => 'rXHGWvFuQsw4MVprhYWI3FbjkviBEovbeY1pS4Zv',
  'name' => 'Vincenzo Sbanoo',
  'email' => 'garandisba@libero.it',
  'mobile' => '393406231619',
  'desk' => '1',
  'source' => '28',
  'stage_id' => '42',
  'language' => 'Italy',
  'courses' => '',
  'change_password' => '',
  'lead_score' => '10',
  'lead_value' => '0.00',
  'sales_rep' => '1',
  'timezone' => 'Africa/Abidjan',
  'state' => '',
  'country' => 'Andorra',
  'website' => '',
  'skype' => '',
  'linkedin' => '',
  'facebook' => '',
  'twitter' => '',
  'message' => '',
)  
[2019-07-16 01:49:24] development.DEBUG: array (
  'user_email' => 'garandisba@libero.it',
  'new_password' => '',
)  
[2019-07-16 01:52:02] development.DEBUG: password  
[2019-07-16 01:52:02] development.DEBUG: array (
  '_method' => 'PUT',
  '_token' => 'rXHGWvFuQsw4MVprhYWI3FbjkviBEovbeY1pS4Zv',
  'name' => 'Vincenzo Sbanoo',
  'email' => 'garandisba@libero.it',
  'mobile' => '393406231619',
  'desk' => '1',
  'source' => '28',
  'stage_id' => '43',
  'language' => 'Italy',
  'courses' => '',
  'change_password' => '',
  'lead_score' => '10',
  'lead_value' => '0.00',
  'sales_rep' => '1',
  'timezone' => 'Africa/Abidjan',
  'state' => '',
  'country' => 'Andorra',
  'website' => '',
  'skype' => '',
  'linkedin' => '',
  'facebook' => '',
  'twitter' => '',
  'message' => '',
)  
[2019-07-16 01:52:03] development.DEBUG: array (
  'user_email' => 'garandisba@libero.it',
  'new_password' => '',
)  
[2019-07-16 01:52:03] development.DEBUG: password  
[2019-07-16 01:52:03] development.DEBUG: array (
  '_method' => 'PUT',
  '_token' => 'rXHGWvFuQsw4MVprhYWI3FbjkviBEovbeY1pS4Zv',
  'name' => 'Vincenzo Sbanoo',
  'email' => 'garandisba@libero.it',
  'mobile' => '393406231619',
  'desk' => '1',
  'source' => '28',
  'stage_id' => '43',
  'language' => 'Italy',
  'courses' => '',
  'change_password' => '',
  'lead_score' => '10',
  'lead_value' => '0.00',
  'sales_rep' => '1',
  'timezone' => 'Africa/Abidjan',
  'state' => '',
  'country' => 'Andorra',
  'website' => '',
  'skype' => '',
  'linkedin' => '',
  'facebook' => '',
  'twitter' => '',
  'message' => '',
)  
[2019-07-16 01:52:03] development.DEBUG: array (
  'user_email' => 'garandisba@libero.it',
  'new_password' => '',
)  
[2019-07-16 01:53:53] development.DEBUG: password  
[2019-07-16 01:53:53] development.DEBUG: array (
  '_method' => 'PUT',
  '_token' => 'rXHGWvFuQsw4MVprhYWI3FbjkviBEovbeY1pS4Zv',
  'name' => 'Vincenzo Sbanoo',
  'email' => 'garandisba@libero.it',
  'mobile' => '393406231619',
  'desk' => '1',
  'source' => '28',
  'stage_id' => '46',
  'language' => 'Italy',
  'courses' => '',
  'change_password' => '',
  'lead_score' => '10',
  'lead_value' => '0.00',
  'sales_rep' => '1',
  'timezone' => 'Africa/Abidjan',
  'state' => '',
  'country' => 'Andorra',
  'website' => '',
  'skype' => '',
  'linkedin' => '',
  'facebook' => '',
  'twitter' => '',
  'message' => '',
)  
[2019-07-16 01:53:54] development.DEBUG: array (
  'user_email' => 'garandisba@libero.it',
  'new_password' => '',
)  
[2019-07-16 01:53:54] development.DEBUG: password  
[2019-07-16 01:53:54] development.DEBUG: array (
  '_method' => 'PUT',
  '_token' => 'rXHGWvFuQsw4MVprhYWI3FbjkviBEovbeY1pS4Zv',
  'name' => 'Vincenzo Sbanoo',
  'email' => 'garandisba@libero.it',
  'mobile' => '393406231619',
  'desk' => '1',
  'source' => '28',
  'stage_id' => '46',
  'language' => 'Italy',
  'courses' => '',
  'change_password' => '',
  'lead_score' => '10',
  'lead_value' => '0.00',
  'sales_rep' => '1',
  'timezone' => 'Africa/Abidjan',
  'state' => '',
  'country' => 'Andorra',
  'website' => '',
  'skype' => '',
  'linkedin' => '',
  'facebook' => '',
  'twitter' => '',
  'message' => '',
)  
[2019-07-16 01:53:54] development.DEBUG: array (
  'user_email' => 'garandisba@libero.it',
  'new_password' => '',
)  
[2019-07-16 09:47:13] development.DEBUG: password  
[2019-07-16 09:47:13] development.DEBUG: array (
  '_method' => 'PUT',
  '_token' => 'k0aAPHBemlkCgT4cks5cfwcMaE0W5vajvocadnRT',
  'name' => 'Георги Прусийски',
  'email' => 'Georgifasgas@das.das',
  'mobile' => '359878735795',
  'desk' => '1',
  'source' => '28',
  'stage_id' => '44',
  'language' => 'English',
  'courses' => '',
  'change_password' => '',
  'lead_score' => '10',
  'lead_value' => '0.00',
  'sales_rep' => '1',
  'timezone' => 'Africa/Abidjan',
  'state' => '',
  'country' => 'Christmas Island',
  'website' => '',
  'skype' => '',
  'linkedin' => '',
  'facebook' => '',
  'twitter' => '',
  'message' => '',
)  
[2019-07-16 09:47:13] development.DEBUG: array (
  'user_email' => 'Georgifasgas@das.das',
  'new_password' => '',
)  
[2019-07-16 09:47:13] development.DEBUG: password  
[2019-07-16 09:47:13] development.DEBUG: array (
  '_method' => 'PUT',
  '_token' => 'k0aAPHBemlkCgT4cks5cfwcMaE0W5vajvocadnRT',
  'name' => 'Георги Прусийски',
  'email' => 'Georgifasgas@das.das',
  'mobile' => '359878735795',
  'desk' => '1',
  'source' => '28',
  'stage_id' => '44',
  'language' => 'English',
  'courses' => '',
  'change_password' => '',
  'lead_score' => '10',
  'lead_value' => '0.00',
  'sales_rep' => '1',
  'timezone' => 'Africa/Abidjan',
  'state' => '',
  'country' => 'Christmas Island',
  'website' => '',
  'skype' => '',
  'linkedin' => '',
  'facebook' => '',
  'twitter' => '',
  'message' => '',
)  
[2019-07-16 09:47:13] development.DEBUG: array (
  'user_email' => 'Georgifasgas@das.das',
  'new_password' => '',
)  
