[2019-07-15 23:25:22] development.DEBUG: password  
[2019-07-15 23:25:22] development.DEBUG: array (
  '_method' => 'PUT',
  '_token' => 'rXHGWvFuQsw4MVprhYWI3FbjkviBEovbeY1pS4Zv',
  'name' => 'Grigor359 Dimitrov',
  'email' => 'grigordimitrov@dge.pln',
  'mobile' => '359878735795',
  'desk' => '1',
  'source' => '28',
  'stage_id' => '56',
  'language' => 'English',
  'courses' => '',
  'change_password' => '',
  'lead_score' => '10',
  'lead_value' => '0.00',
  'sales_rep' => '1',
  'timezone' => 'Africa/Abidjan',
  'state' => '',
  'country' => 'Afghanistan',
  'website' => '',
  'skype' => '',
  'linkedin' => '',
  'facebook' => '',
  'twitter' => '',
  'message' => '',
)  
[2019-07-15 23:25:22] development.DEBUG: array (
  'user_email' => 'grigordimitrov@dge.pln',
  'new_password' => '',
)  
[2019-07-15 23:25:24] development.DEBUG: password  
[2019-07-15 23:25:24] development.DEBUG: array (
  '_method' => 'PUT',
  '_token' => 'rXHGWvFuQsw4MVprhYWI3FbjkviBEovbeY1pS4Zv',
  'name' => 'Grigor359 Dimitrov',
  'email' => 'grigordimitrov@dge.pln',
  'mobile' => '359878735795',
  'desk' => '1',
  'source' => '28',
  'stage_id' => '56',
  'language' => 'English',
  'courses' => '',
  'change_password' => '',
  'lead_score' => '10',
  'lead_value' => '0.00',
  'sales_rep' => '1',
  'timezone' => 'Africa/Abidjan',
  'state' => '',
  'country' => 'Afghanistan',
  'website' => '',
  'skype' => '',
  'linkedin' => '',
  'facebook' => '',
  'twitter' => '',
  'message' => '',
)  
[2019-07-15 23:25:24] development.DEBUG: array (
  'user_email' => 'grigordimitrov@dge.pln',
  'new_password' => '',
)  
[2019-07-15 23:27:15] development.DEBUG: password  
[2019-07-15 23:27:15] development.DEBUG: array (
  '_method' => 'PUT',
  '_token' => 'rXHGWvFuQsw4MVprhYWI3FbjkviBEovbeY1pS4Zv',
  'name' => 'Grigor359 Dimitrov',
  'email' => 'grigordimitrov@dge.pln',
  'mobile' => '359878735795',
  'desk' => '1',
  'source' => '28',
  'stage_id' => '43',
  'language' => 'English',
  'courses' => '',
  'change_password' => '',
  'lead_score' => '10',
  'lead_value' => '0.00',
  'sales_rep' => '1',
  'timezone' => 'Africa/Abidjan',
  'state' => '',
  'country' => 'Afghanistan',
  'website' => '',
  'skype' => '',
  'linkedin' => '',
  'facebook' => '',
  'twitter' => '',
  'message' => '',
)  
[2019-07-15 23:27:15] development.DEBUG: array (
  'user_email' => 'grigordimitrov@dge.pln',
  'new_password' => '',
)  
[2019-07-15 23:27:15] development.DEBUG: password  
[2019-07-15 23:27:15] development.DEBUG: array (
  '_method' => 'PUT',
  '_token' => 'rXHGWvFuQsw4MVprhYWI3FbjkviBEovbeY1pS4Zv',
  'name' => 'Grigor359 Dimitrov',
  'email' => 'grigordimitrov@dge.pln',
  'mobile' => '359878735795',
  'desk' => '1',
  'source' => '28',
  'stage_id' => '43',
  'language' => 'English',
  'courses' => '',
  'change_password' => '',
  'lead_score' => '10',
  'lead_value' => '0.00',
  'sales_rep' => '1',
  'timezone' => 'Africa/Abidjan',
  'state' => '',
  'country' => 'Afghanistan',
  'website' => '',
  'skype' => '',
  'linkedin' => '',
  'facebook' => '',
  'twitter' => '',
  'message' => '',
)  
[2019-07-15 23:27:15] development.DEBUG: array (
  'user_email' => 'grigordimitrov@dge.pln',
  'new_password' => '',
)  
[2019-07-15 23:53:43] development.DEBUG: password  
[2019-07-15 23:53:43] development.DEBUG: array (
  '_method' => 'PUT',
  '_token' => 'rXHGWvFuQsw4MVprhYWI3FbjkviBEovbeY1pS4Zv',
  'name' => 'Георги359 Прусийски359',
  'email' => '359testing@dge.pln',
  'mobile' => '359878735795',
  'desk' => '1',
  'source' => '28',
  'stage_id' => '54',
  'language' => 'English',
  'courses' => '',
  'change_password' => '',
  'lead_score' => '10',
  'lead_value' => '0.00',
  'sales_rep' => '1',
  'timezone' => 'Africa/Abidjan',
  'state' => '',
  'country' => 'Afghanistan',
  'website' => '',
  'skype' => '',
  'linkedin' => '',
  'facebook' => '',
  'twitter' => '',
  'message' => '',
)  
[2019-07-15 23:53:43] development.DEBUG: array (
  'user_email' => '359testing@dge.pln',
  'new_password' => '',
)  
[2019-07-15 23:53:43] development.DEBUG: password  
[2019-07-15 23:53:43] development.DEBUG: array (
  '_method' => 'PUT',
  '_token' => 'rXHGWvFuQsw4MVprhYWI3FbjkviBEovbeY1pS4Zv',
  'name' => 'Георги359 Прусийски359',
  'email' => '359testing@dge.pln',
  'mobile' => '359878735795',
  'desk' => '1',
  'source' => '28',
  'stage_id' => '54',
  'language' => 'English',
  'courses' => '',
  'change_password' => '',
  'lead_score' => '10',
  'lead_value' => '0.00',
  'sales_rep' => '1',
  'timezone' => 'Africa/Abidjan',
  'state' => '',
  'country' => 'Afghanistan',
  'website' => '',
  'skype' => '',
  'linkedin' => '',
  'facebook' => '',
  'twitter' => '',
  'message' => '',
)  
[2019-07-15 23:53:43] development.DEBUG: array (
  'user_email' => '359testing@dge.pln',
  'new_password' => '',
)  
