[2019-07-12 17:47:00] development.DEBUG: password  
[2019-07-12 17:47:00] development.DEBUG: array (
  '_method' => 'PUT',
  '_token' => '64imPLQsSeTnOdLr7248UN3Q2TZQ5nmisbBeIBnz',
  'name' => 'Ilia Boyadzhiev',
  'email' => 'ilia.qqwebojadzhiev@gmail.com',
  'mobile' => '',
  'source' => '26',
  'stage_id' => '42',
  'language' => 'Bulgaria',
  'courses' => '',
  'change_password' => '13123123',
  'lead_score' => '10',
  'lead_value' => '0.00',
  'sales_rep' => '1',
  'timezone' => 'Europe/Moscow',
  'state' => '',
  'country' => 'Australia',
  'website' => '',
  'skype' => '',
  'linkedin' => '',
  'facebook' => '',
  'twitter' => '',
  'message' => '',
)  
[2019-07-12 17:47:00] development.DEBUG: array (
  'user_email' => 'ilia.qqwebojadzhiev@gmail.com',
  'new_password' => '13123123',
)  
[2019-07-12 17:51:27] development.DEBUG: password  
[2019-07-12 17:51:27] development.DEBUG: array (
  '_method' => 'PUT',
  '_token' => '64imPLQsSeTnOdLr7248UN3Q2TZQ5nmisbBeIBnz',
  'name' => 'Ilia Boyadzhiev',
  'email' => 'ilia.qqwebojadzhiev@gmail.com',
  'mobile' => '',
  'source' => '26',
  'stage_id' => '42',
  'language' => 'Bulgaria',
  'courses' => '',
  'change_password' => 'asdasd',
  'lead_score' => '10',
  'lead_value' => '0.00',
  'sales_rep' => '1',
  'timezone' => 'Europe/Moscow',
  'state' => '',
  'country' => 'Australia',
  'website' => '',
  'skype' => '',
  'linkedin' => '',
  'facebook' => '',
  'twitter' => '',
  'message' => '',
)  
[2019-07-12 17:51:27] development.DEBUG: array (
  'user_email' => 'ilia.qqwebojadzhiev@gmail.com',
  'new_password' => 'asdasd',
)  
