[2019-07-30 13:42:54] development.ERROR: PDOException: SQLSTATE[42S22]: Column not found: 1054 Unknown column 'registration_time' in 'order clause' in /home/vagrant/code/workice/vendor/laravel/framework/src/Illuminate/Database/Connection.php:326
Stack trace:
#0 /home/vagrant/code/workice/vendor/laravel/framework/src/Illuminate/Database/Connection.php(326): PDO->prepare('select * from `...')
#1 /home/vagrant/code/workice/vendor/laravel/framework/src/Illuminate/Database/Connection.php(657): Illuminate\Database\Connection->Illuminate\Database\{closure}('select * from `...', Array)
#2 /home/vagrant/code/workice/vendor/laravel/framework/src/Illuminate/Database/Connection.php(624): Illuminate\Database\Connection->runQueryCallback('select * from `...', Array, Object(Closure))
#3 /home/vagrant/code/workice/vendor/laravel/framework/src/Illuminate/Database/Connection.php(333): Illuminate\Database\Connection->run('select * from `...', Array, Object(Closure))
#4 /home/vagrant/code/workice/vendor/laravel/framework/src/Illuminate/Database/Query/Builder.php(2095): Illuminate\Database\Connection->select('select * from `...', Array, true)
#5 /home/vagrant/code/workice/vendor/laravel/framework/src/Illuminate/Database/Query/Builder.php(2083): Illuminate\Database\Query\Builder->runSelect()
#6 /home/vagrant/code/workice/vendor/laravel/framework/src/Illuminate/Database/Query/Builder.php(2569): Illuminate\Database\Query\Builder->Illuminate\Database\Query\{closure}()
#7 /home/vagrant/code/workice/vendor/laravel/framework/src/Illuminate/Database/Query/Builder.php(2084): Illuminate\Database\Query\Builder->onceWithColumns(Array, Object(Closure))
#8 /home/vagrant/code/workice/vendor/laravel/framework/src/Illuminate/Database/Eloquent/Builder.php(519): Illuminate\Database\Query\Builder->get(Array)
#9 /home/vagrant/code/workice/vendor/laravel/framework/src/Illuminate/Database/Eloquent/Builder.php(503): Illuminate\Database\Eloquent\Builder->getModels(Array)
#10 /home/vagrant/code/workice/vendor/yajra/laravel-datatables-oracle/src/QueryDataTable.php(246): Illuminate\Database\Eloquent\Builder->get()
#11 /home/vagrant/code/workice/vendor/yajra/laravel-datatables-oracle/src/QueryDataTable.php(100): Yajra\DataTables\QueryDataTable->results()
#12 /home/vagrant/code/workice/Modules/Leads/Http/Controllers/Base/LeadsController.php(527): Yajra\DataTables\QueryDataTable->make(true)
#13 [internal function]: Modules\Leads\Http\Controllers\Base\LeadsController->tableData(Object(Illuminate\Http\Request))
#14 /home/vagrant/code/workice/vendor/laravel/framework/src/Illuminate/Routing/Controller.php(54): call_user_func_array(Array, Array)
#15 /home/vagrant/code/workice/vendor/laravel/framework/src/Illuminate/Routing/ControllerDispatcher.php(45): Illuminate\Routing\Controller->callAction('tableData', Array)
#16 /home/vagrant/code/workice/vendor/laravel/framework/src/Illuminate/Routing/Route.php(219): Illuminate\Routing\ControllerDispatcher->dispatch(Object(Illuminate\Routing\Route), Object(Modules\Leads\Http\Controllers\LeadCustomController), 'tableData')
#17 /home/vagrant/code/workice/vendor/laravel/framework/src/Illuminate/Routing/Route.php(176): Illuminate\Routing\Route->runController()
#18 /home/vagrant/code/workice/vendor/laravel/framework/src/Illuminate/Routing/Router.php(682): Illuminate\Routing\Route->run()
#19 /home/vagrant/code/workice/vendor/laravel/framework/src/Illuminate/Routing/Pipeline.php(30): Illuminate\Routing\Router->Illuminate\Routing\{closure}(Object(Illuminate\Http\Request))
#20 /home/vagrant/code/workice/app/Http/Middleware/Google2FAMiddleware.php(20): Illuminate\Routing\Pipeline->Illuminate\Routing\{closure}(Object(Illuminate\Http\Request))
#21 /home/vagrant/code/workice/vendor/laravel/framework/src/Illuminate/Pipeline/Pipeline.php(163): App\Http\Middleware\Google2FAMiddleware->handle(Object(Illuminate\Http\Request), Object(Closure))
#22 /home/vagrant/code/workice/vendor/laravel/framework/src/Illuminate/Routing/Pipeline.php(53): Illuminate\Pipeline\Pipeline->Illuminate\Pipeline\{closure}(Object(Illuminate\Http\Request))
#23 /home/vagrant/code/workice/vendor/laravel/framework/src/Illuminate/Auth/Middleware/EnsureEmailIsVerified.php(28): Illuminate\Routing\Pipeline->Illuminate\Routing\{closure}(Object(Illuminate\Http\Request))
#24 /home/vagrant/code/workice/vendor/laravel/framework/src/Illuminate/Pipeline/Pipeline.php(163): Illuminate\Auth\Middleware\EnsureEmailIsVerified->handle(Object(Illuminate\Http\Request), Object(Closure))
#25 /home/vagrant/code/workice/vendor/laravel/framework/src/Illuminate/Routing/Pipeline.php(53): Illuminate\Pipeline\Pipeline->Illuminate\Pipeline\{closure}(Object(Illuminate\Http\Request))
#26 /home/vagrant/code/workice/vendor/laravel/framework/src/Illuminate/Auth/Middleware/Authorize.php(46): Illuminate\Routing\Pipeline->Illuminate\Routing\{closure}(Object(Illuminate\Http\Request))
#27 /home/vagrant/code/workice/vendor/laravel/framework/src/Illuminate/Pipeline/Pipeline.php(163): Illuminate\Auth\Middleware\Authorize->handle(Object(Illuminate\Http\Request), Object(Closure), 'menu_leads')
#28 /home/vagrant/code/workice/vendor/laravel/framework/src/Illuminate/Routing/Pipeline.php(53): Illuminate\Pipeline\Pipeline->Illuminate\Pipeline\{closure}(Object(Illuminate\Http\Request))
#29 /home/vagrant/code/workice/app/Http/Middleware/CheckBanned.php(17): Illuminate\Routing\Pipeline->Illuminate\Routing\{closure}(Object(Illuminate\Http\Request))
#30 /home/vagrant/code/workice/vendor/laravel/framework/src/Illuminate/Pipeline/Pipeline.php(163): App\Http\Middleware\CheckBanned->handle(Object(Illuminate\Http\Request), Object(Closure))
#31 /home/vagrant/code/workice/vendor/laravel/framework/src/Illuminate/Routing/Pipeline.php(53): Illuminate\Pipeline\Pipeline->Illuminate\Pipeline\{closure}(Object(Illuminate\Http\Request))
#32 /home/vagrant/code/workice/app/Http/Middleware/Workice.php(24): Illuminate\Routing\Pipeline->Illuminate\Routing\{closure}(Object(Illuminate\Http\Request))
#33 /home/vagrant/code/workice/vendor/laravel/framework/src/Illuminate/Pipeline/Pipeline.php(163): App\Http\Middleware\Workice->handle(Object(Illuminate\Http\Request), Object(Closure))
#34 /home/vagrant/code/workice/vendor/laravel/framework/src/Illuminate/Routing/Pipeline.php(53): Illuminate\Pipeline\Pipeline->Illuminate\Pipeline\{closure}(Object(Illuminate\Http\Request))
#35 /home/vagrant/code/workice/app/Http/Middleware/Locale.php(29): Illuminate\Routing\Pipeline->Illuminate\Routing\{closure}(Object(Illuminate\Http\Request))
#36 /home/vagrant/code/workice/vendor/laravel/framework/src/Illuminate/Pipeline/Pipeline.php(163): App\Http\Middleware\Locale->handle(Object(Illuminate\Http\Request), Object(Closure))
#37 /home/vagrant/code/workice/vendor/laravel/framework/src/Illuminate/Routing/Pipeline.php(53): Illuminate\Pipeline\Pipeline->Illuminate\Pipeline\{closure}(Object(Illuminate\Http\Request))
#38 /home/vagrant/code/workice/vendor/laravel/passport/src/Http/Middleware/CreateFreshApiToken.php(50): Illuminate\Routing\Pipeline->Illuminate\Routing\{closure}(Object(Illuminate\Http\Request))
#39 /home/vagrant/code/workice/vendor/laravel/framework/src/Illuminate/Pipeline/Pipeline.php(163): Laravel\Passport\Http\Middleware\CreateFreshApiToken->handle(Object(Illuminate\Http\Request), Object(Closure))
#40 /home/vagrant/code/workice/vendor/laravel/framework/src/Illuminate/Routing/Pipeline.php(53): Illuminate\Pipeline\Pipeline->Illuminate\Pipeline\{closure}(Object(Illuminate\Http\Request))
#41 /home/vagrant/code/workice/vendor/laravel/framework/src/Illuminate/Http/Middleware/FrameGuard.php(18): Illuminate\Routing\Pipeline->Illuminate\Routing\{closure}(Object(Illuminate\Http\Request))
#42 /home/vagrant/code/workice/vendor/laravel/framework/src/Illuminate/Pipeline/Pipeline.php(163): Illuminate\Http\Middleware\FrameGuard->handle(Object(Illuminate\Http\Request), Object(Closure))
#43 /home/vagrant/code/workice/vendor/laravel/framework/src/Illuminate/Routing/Pipeline.php(53): Illuminate\Pipeline\Pipeline->Illuminate\Pipeline\{closure}(Object(Illuminate\Http\Request))
#44 /home/vagrant/code/workice/vendor/laravel/framework/src/Illuminate/Routing/Middleware/SubstituteBindings.php(41): Illuminate\Routing\Pipeline->Illuminate\Routing\{closure}(Object(Illuminate\Http\Request))
#45 /home/vagrant/code/workice/vendor/laravel/framework/src/Illuminate/Pipeline/Pipeline.php(163): Illuminate\Routing\Middleware\SubstituteBindings->handle(Object(Illuminate\Http\Request), Object(Closure))
#46 /home/vagrant/code/workice/vendor/laravel/framework/src/Illuminate/Routing/Pipeline.php(53): Illuminate\Pipeline\Pipeline->Illuminate\Pipeline\{closure}(Object(Illuminate\Http\Request))
#47 /home/vagrant/code/workice/vendor/laravel/framework/src/Illuminate/Auth/Middleware/Authenticate.php(43): Illuminate\Routing\Pipeline->Illuminate\Routing\{closure}(Object(Illuminate\Http\Request))
#48 /home/vagrant/code/workice/vendor/laravel/framework/src/Illuminate/Pipeline/Pipeline.php(163): Illuminate\Auth\Middleware\Authenticate->handle(Object(Illuminate\Http\Request), Object(Closure))
#49 /home/vagrant/code/workice/vendor/laravel/framework/src/Illuminate/Routing/Pipeline.php(53): Illuminate\Pipeline\Pipeline->Illuminate\Pipeline\{closure}(Object(Illuminate\Http\Request))
#50 /home/vagrant/code/workice/vendor/laravel/framework/src/Illuminate/Foundation/Http/Middleware/VerifyCsrfToken.php(75): Illuminate\Routing\Pipeline->Illuminate\Routing\{closure}(Object(Illuminate\Http\Request))
#51 /home/vagrant/code/workice/vendor/laravel/framework/src/Illuminate/Pipeline/Pipeline.php(163): Illuminate\Foundation\Http\Middleware\VerifyCsrfToken->handle(Object(Illuminate\Http\Request), Object(Closure))
#52 /home/vagrant/code/workice/vendor/laravel/framework/src/Illuminate/Routing/Pipeline.php(53): Illuminate\Pipeline\Pipeline->Illuminate\Pipeline\{closure}(Object(Illuminate\Http\Request))
#53 /home/vagrant/code/workice/vendor/laravel/framework/src/Illuminate/View/Middleware/ShareErrorsFromSession.php(49): Illuminate\Routing\Pipeline->Illuminate\Routing\{closure}(Object(Illuminate\Http\Request))
#54 /home/vagrant/code/workice/vendor/laravel/framework/src/Illuminate/Pipeline/Pipeline.php(163): Illuminate\View\Middleware\ShareErrorsFromSession->handle(Object(Illuminate\Http\Request), Object(Closure))
#55 /home/vagrant/code/workice/vendor/laravel/framework/src/Illuminate/Routing/Pipeline.php(53): Illuminate\Pipeline\Pipeline->Illuminate\Pipeline\{closure}(Object(Illuminate\Http\Request))
#56 /home/vagrant/code/workice/vendor/laravel/framework/src/Illuminate/Session/Middleware/StartSession.php(63): Illuminate\Routing\Pipeline->Illuminate\Routing\{closure}(Object(Illuminate\Http\Request))
#57 /home/vagrant/code/workice/vendor/laravel/framework/src/Illuminate/Pipeline/Pipeline.php(163): Illuminate\Session\Middleware\StartSession->handle(Object(Illuminate\Http\Request), Object(Closure))
#58 /home/vagrant/code/workice/vendor/laravel/framework/src/Illuminate/Routing/Pipeline.php(53): Illuminate\Pipeline\Pipeline->Illuminate\Pipeline\{closure}(Object(Illuminate\Http\Request))
#59 /home/vagrant/code/workice/vendor/laravel/framework/src/Illuminate/Cookie/Middleware/AddQueuedCookiesToResponse.php(37): Illuminate\Routing\Pipeline->Illuminate\Routing\{closure}(Object(Illuminate\Http\Request))
#60 /home/vagrant/code/workice/vendor/laravel/framework/src/Illuminate/Pipeline/Pipeline.php(163): Illuminate\Cookie\Middleware\AddQueuedCookiesToResponse->handle(Object(Illuminate\Http\Request), Object(Closure))
#61 /home/vagrant/code/workice/vendor/laravel/framework/src/Illuminate/Routing/Pipeline.php(53): Illuminate\Pipeline\Pipeline->Illuminate\Pipeline\{closure}(Object(Illuminate\Http\Request))
#62 /home/vagrant/code/workice/vendor/laravel/framework/src/Illuminate/Cookie/Middleware/EncryptCookies.php(66): Illuminate\Routing\Pipeline->Illuminate\Routing\{closure}(Object(Illuminate\Http\Request))
#63 /home/vagrant/code/workice/vendor/laravel/framework/src/Illuminate/Pipeline/Pipeline.php(163): Illuminate\Cookie\Middleware\EncryptCookies->handle(Object(Illuminate\Http\Request), Object(Closure))
#64 /home/vagrant/code/workice/vendor/laravel/framework/src/Illuminate/Routing/Pipeline.php(53): Illuminate\Pipeline\Pipeline->Illuminate\Pipeline\{closure}(Object(Illuminate\Http\Request))
#65 /home/vagrant/code/workice/vendor/laravel/framework/src/Illuminate/Pipeline/Pipeline.php(104): Illuminate\Routing\Pipeline->Illuminate\Routing\{closure}(Object(Illuminate\Http\Request))
#66 /home/vagrant/code/workice/vendor/laravel/framework/src/Illuminate/Routing/Router.php(684): Illuminate\Pipeline\Pipeline->then(Object(Closure))
#67 /home/vagrant/code/workice/vendor/laravel/framework/src/Illuminate/Routing/Router.php(659): Illuminate\Routing\Router->runRouteWithinStack(Object(Illuminate\Routing\Route), Object(Illuminate\Http\Request))
#68 /home/vagrant/code/workice/vendor/laravel/framework/src/Illuminate/Routing/Router.php(625): Illuminate\Routing\Router->runRoute(Object(Illuminate\Http\Request), Object(Illuminate\Routing\Route))
#69 /home/vagrant/code/workice/vendor/laravel/framework/src/Illuminate/Routing/Router.php(614): Illuminate\Routing\Router->dispatchToRoute(Object(Illuminate\Http\Request))
#70 /home/vagrant/code/workice/vendor/laravel/framework/src/Illuminate/Foundation/Http/Kernel.php(176): Illuminate\Routing\Router->dispatch(Object(Illuminate\Http\Request))
#71 /home/vagrant/code/workice/vendor/laravel/framework/src/Illuminate/Routing/Pipeline.php(30): Illuminate\Foundation\Http\Kernel->Illuminate\Foundation\Http\{closure}(Object(Illuminate\Http\Request))
#72 /home/vagrant/code/workice/vendor/barryvdh/laravel-debugbar/src/Middleware/InjectDebugbar.php(58): Illuminate\Routing\Pipeline->Illuminate\Routing\{closure}(Object(Illuminate\Http\Request))
#73 /home/vagrant/code/workice/vendor/laravel/framework/src/Illuminate/Pipeline/Pipeline.php(163): Barryvdh\Debugbar\Middleware\InjectDebugbar->handle(Object(Illuminate\Http\Request), Object(Closure))
#74 /home/vagrant/code/workice/vendor/laravel/framework/src/Illuminate/Routing/Pipeline.php(53): Illuminate\Pipeline\Pipeline->Illuminate\Pipeline\{closure}(Object(Illuminate\Http\Request))
#75 /home/vagrant/code/workice/app/Http/Middleware/OverrideConfig.php(24): Illuminate\Routing\Pipeline->Illuminate\Routing\{closure}(Object(Illuminate\Http\Request))
#76 /home/vagrant/code/workice/vendor/laravel/framework/src/Illuminate/Pipeline/Pipeline.php(163): App\Http\Middleware\OverrideConfig->handle(Object(Illuminate\Http\Request), Object(Closure))
#77 /home/vagrant/code/workice/vendor/laravel/framework/src/Illuminate/Routing/Pipeline.php(53): Illuminate\Pipeline\Pipeline->Illuminate\Pipeline\{closure}(Object(Illuminate\Http\Request))
#78 /home/vagrant/code/workice/vendor/fideloper/proxy/src/TrustProxies.php(57): Illuminate\Routing\Pipeline->Illuminate\Routing\{closure}(Object(Illuminate\Http\Request))
#79 /home/vagrant/code/workice/vendor/laravel/framework/src/Illuminate/Pipeline/Pipeline.php(163): Fideloper\Proxy\TrustProxies->handle(Object(Illuminate\Http\Request), Object(Closure))
#80 /home/vagrant/code/workice/vendor/laravel/framework/src/Illuminate/Routing/Pipeline.php(53): Illuminate\Pipeline\Pipeline->Illuminate\Pipeline\{closure}(Object(Illuminate\Http\Request))
#81 /home/vagrant/code/workice/vendor/bepsvpt/secure-headers/src/SecureHeadersMiddleware.php(21): Illuminate\Routing\Pipeline->Illuminate\Routing\{closure}(Object(Illuminate\Http\Request))
#82 /home/vagrant/code/workice/vendor/laravel/framework/src/Illuminate/Pipeline/Pipeline.php(163): Bepsvpt\SecureHeaders\SecureHeadersMiddleware->handle(Object(Illuminate\Http\Request), Object(Closure))
#83 /home/vagrant/code/workice/vendor/laravel/framework/src/Illuminate/Routing/Pipeline.php(53): Illuminate\Pipeline\Pipeline->Illuminate\Pipeline\{closure}(Object(Illuminate\Http\Request))
#84 /home/vagrant/code/workice/app/Http/Middleware/FilterIfPjax.php(27): Illuminate\Routing\Pipeline->Illuminate\Routing\{closure}(Object(Illuminate\Http\Request))
#85 /home/vagrant/code/workice/vendor/laravel/framework/src/Illuminate/Pipeline/Pipeline.php(163): App\Http\Middleware\FilterIfPjax->handle(Object(Illuminate\Http\Request), Object(Closure))
#86 /home/vagrant/code/workice/vendor/laravel/framework/src/Illuminate/Routing/Pipeline.php(53): Illuminate\Pipeline\Pipeline->Illuminate\Pipeline\{closure}(Object(Illuminate\Http\Request))
#87 /home/vagrant/code/workice/app/Http/Middleware/CheckXSS.php(27): Illuminate\Routing\Pipeline->Illuminate\Routing\{closure}(Object(Illuminate\Http\Request))
#88 /home/vagrant/code/workice/vendor/laravel/framework/src/Illuminate/Pipeline/Pipeline.php(163): App\Http\Middleware\CheckXSS->handle(Object(Illuminate\Http\Request), Object(Closure))
#89 /home/vagrant/code/workice/vendor/laravel/framework/src/Illuminate/Routing/Pipeline.php(53): Illuminate\Pipeline\Pipeline->Illuminate\Pipeline\{closure}(Object(Illuminate\Http\Request))
#90 /home/vagrant/code/workice/vendor/renatomarinho/laravel-page-speed/src/Middleware/PageSpeed.php(28): Illuminate\Routing\Pipeline->Illuminate\Routing\{closure}(Object(Illuminate\Http\Request))
#91 /home/vagrant/code/workice/vendor/laravel/framework/src/Illuminate/Pipeline/Pipeline.php(163): RenatoMarinho\LaravelPageSpeed\Middleware\PageSpeed->handle(Object(Illuminate\Http\Request), Object(Closure))
#92 /home/vagrant/code/workice/vendor/laravel/framework/src/Illuminate/Routing/Pipeline.php(53): Illuminate\Pipeline\Pipeline->Illuminate\Pipeline\{closure}(Object(Illuminate\Http\Request))
#93 /home/vagrant/code/workice/vendor/renatomarinho/laravel-page-speed/src/Middleware/PageSpeed.php(28): Illuminate\Routing\Pipeline->Illuminate\Routing\{closure}(Object(Illuminate\Http\Request))
#94 /home/vagrant/code/workice/vendor/laravel/framework/src/Illuminate/Pipeline/Pipeline.php(163): RenatoMarinho\LaravelPageSpeed\Middleware\PageSpeed->handle(Object(Illuminate\Http\Request), Object(Closure))
#95 /home/vagrant/code/workice/vendor/laravel/framework/src/Illuminate/Routing/Pipeline.php(53): Illuminate\Pipeline\Pipeline->Illuminate\Pipeline\{closure}(Object(Illuminate\Http\Request))
#96 /home/vagrant/code/workice/vendor/renatomarinho/laravel-page-speed/src/Middleware/PageSpeed.php(28): Illuminate\Routing\Pipeline->Illuminate\Routing\{closure}(Object(Illuminate\Http\Request))
#97 /home/vagrant/code/workice/vendor/laravel/framework/src/Illuminate/Pipeline/Pipeline.php(163): RenatoMarinho\LaravelPageSpeed\Middleware\PageSpeed->handle(Object(Illuminate\Http\Request), Object(Closure))
#98 /home/vagrant/code/workice/vendor/laravel/framework/src/Illuminate/Routing/Pipeline.php(53): Illuminate\Pipeline\Pipeline->Illuminate\Pipeline\{closure}(Object(Illuminate\Http\Request))
#99 /home/vagrant/code/workice/vendor/laravel/framework/src/Illuminate/Foundation/Http/Middleware/TransformsRequest.php(31): Illuminate\Routing\Pipeline->Illuminate\Routing\{closure}(Object(Illuminate\Http\Request))
#100 /home/vagrant/code/workice/vendor/laravel/framework/src/Illuminate/Pipeline/Pipeline.php(163): Illuminate\Foundation\Http\Middleware\TransformsRequest->handle(Object(Illuminate\Http\Request), Object(Closure))
#101 /home/vagrant/code/workice/vendor/laravel/framework/src/Illuminate/Routing/Pipeline.php(53): Illuminate\Pipeline\Pipeline->Illuminate\Pipeline\{closure}(Object(Illuminate\Http\Request))
#102 /home/vagrant/code/workice/vendor/laravel/framework/src/Illuminate/Foundation/Http/Middleware/TransformsRequest.php(31): Illuminate\Routing\Pipeline->Illuminate\Routing\{closure}(Object(Illuminate\Http\Request))
#103 /home/vagrant/code/workice/vendor/laravel/framework/src/Illuminate/Pipeline/Pipeline.php(163): Illuminate\Foundation\Http\Middleware\TransformsRequest->handle(Object(Illuminate\Http\Request), Object(Closure))
#104 /home/vagrant/code/workice/vendor/laravel/framework/src/Illuminate/Routing/Pipeline.php(53): Illuminate\Pipeline\Pipeline->Illuminate\Pipeline\{closure}(Object(Illuminate\Http\Request))
#105 /home/vagrant/code/workice/vendor/laravel/framework/src/Illuminate/Foundation/Http/Middleware/ValidatePostSize.php(27): Illuminate\Routing\Pipeline->Illuminate\Routing\{closure}(Object(Illuminate\Http\Request))
#106 /home/vagrant/code/workice/vendor/laravel/framework/src/Illuminate/Pipeline/Pipeline.php(163): Illuminate\Foundation\Http\Middleware\ValidatePostSize->handle(Object(Illuminate\Http\Request), Object(Closure))
#107 /home/vagrant/code/workice/vendor/laravel/framework/src/Illuminate/Routing/Pipeline.php(53): Illuminate\Pipeline\Pipeline->Illuminate\Pipeline\{closure}(Object(Illuminate\Http\Request))
#108 /home/vagrant/code/workice/vendor/laravel/framework/src/Illuminate/Foundation/Http/Middleware/CheckForMaintenanceMode.php(62): Illuminate\Routing\Pipeline->Illuminate\Routing\{closure}(Object(Illuminate\Http\Request))
#109 /home/vagrant/code/workice/vendor/laravel/framework/src/Illuminate/Pipeline/Pipeline.php(163): Illuminate\Foundation\Http\Middleware\CheckForMaintenanceMode->handle(Object(Illuminate\Http\Request), Object(Closure))
#110 /home/vagrant/code/workice/vendor/laravel/framework/src/Illuminate/Routing/Pipeline.php(53): Illuminate\Pipeline\Pipeline->Illuminate\Pipeline\{closure}(Object(Illuminate\Http\Request))
#111 /home/vagrant/code/workice/vendor/laravel/framework/src/Illuminate/Pipeline/Pipeline.php(104): Illuminate\Routing\Pipeline->Illuminate\Routing\{closure}(Object(Illuminate\Http\Request))
#112 /home/vagrant/code/workice/vendor/laravel/framework/src/Illuminate/Foundation/Http/Kernel.php(151): Illuminate\Pipeline\Pipeline->then(Object(Closure))
#113 /home/vagrant/code/workice/vendor/laravel/framework/src/Illuminate/Foundation/Http/Kernel.php(116): Illuminate\Foundation\Http\Kernel->sendRequestThroughRouter(Object(Illuminate\Http\Request))
#114 /home/vagrant/code/workice/public/index.php(53): Illuminate\Foundation\Http\Kernel->handle(Object(Illuminate\Http\Request))
#115 {main}

Next Illuminate\Database\QueryException: SQLSTATE[42S22]: Column not found: 1054 Unknown column 'registration_time' in 'order clause' (SQL: select * from `fx_leads` where `archived_at` is null and `email` LIKE %test% and `fx_leads`.`deleted_at` is null order by `is_logged` desc, `registration_time` asc limit 25 offset 0) in /home/vagrant/code/workice/vendor/laravel/framework/src/Illuminate/Database/Connection.php:664
Stack trace:
#0 /home/vagrant/code/workice/vendor/laravel/framework/src/Illuminate/Database/Connection.php(624): Illuminate\Database\Connection->runQueryCallback('select * from `...', Array, Object(Closure))
#1 /home/vagrant/code/workice/vendor/laravel/framework/src/Illuminate/Database/Connection.php(333): Illuminate\Database\Connection->run('select * from `...', Array, Object(Closure))
#2 /home/vagrant/code/workice/vendor/laravel/framework/src/Illuminate/Database/Query/Builder.php(2095): Illuminate\Database\Connection->select('select * from `...', Array, true)
#3 /home/vagrant/code/workice/vendor/laravel/framework/src/Illuminate/Database/Query/Builder.php(2083): Illuminate\Database\Query\Builder->runSelect()
#4 /home/vagrant/code/workice/vendor/laravel/framework/src/Illuminate/Database/Query/Builder.php(2569): Illuminate\Database\Query\Builder->Illuminate\Database\Query\{closure}()
#5 /home/vagrant/code/workice/vendor/laravel/framework/src/Illuminate/Database/Query/Builder.php(2084): Illuminate\Database\Query\Builder->onceWithColumns(Array, Object(Closure))
#6 /home/vagrant/code/workice/vendor/laravel/framework/src/Illuminate/Database/Eloquent/Builder.php(519): Illuminate\Database\Query\Builder->get(Array)
#7 /home/vagrant/code/workice/vendor/laravel/framework/src/Illuminate/Database/Eloquent/Builder.php(503): Illuminate\Database\Eloquent\Builder->getModels(Array)
#8 /home/vagrant/code/workice/vendor/yajra/laravel-datatables-oracle/src/QueryDataTable.php(246): Illuminate\Database\Eloquent\Builder->get()
#9 /home/vagrant/code/workice/vendor/yajra/laravel-datatables-oracle/src/QueryDataTable.php(100): Yajra\DataTables\QueryDataTable->results()
#10 /home/vagrant/code/workice/Modules/Leads/Http/Controllers/Base/LeadsController.php(527): Yajra\DataTables\QueryDataTable->make(true)
#11 [internal function]: Modules\Leads\Http\Controllers\Base\LeadsController->tableData(Object(Illuminate\Http\Request))
#12 /home/vagrant/code/workice/vendor/laravel/framework/src/Illuminate/Routing/Controller.php(54): call_user_func_array(Array, Array)
#13 /home/vagrant/code/workice/vendor/laravel/framework/src/Illuminate/Routing/ControllerDispatcher.php(45): Illuminate\Routing\Controller->callAction('tableData', Array)
#14 /home/vagrant/code/workice/vendor/laravel/framework/src/Illuminate/Routing/Route.php(219): Illuminate\Routing\ControllerDispatcher->dispatch(Object(Illuminate\Routing\Route), Object(Modules\Leads\Http\Controllers\LeadCustomController), 'tableData')
#15 /home/vagrant/code/workice/vendor/laravel/framework/src/Illuminate/Routing/Route.php(176): Illuminate\Routing\Route->runController()
#16 /home/vagrant/code/workice/vendor/laravel/framework/src/Illuminate/Routing/Router.php(682): Illuminate\Routing\Route->run()
#17 /home/vagrant/code/workice/vendor/laravel/framework/src/Illuminate/Routing/Pipeline.php(30): Illuminate\Routing\Router->Illuminate\Routing\{closure}(Object(Illuminate\Http\Request))
#18 /home/vagrant/code/workice/app/Http/Middleware/Google2FAMiddleware.php(20): Illuminate\Routing\Pipeline->Illuminate\Routing\{closure}(Object(Illuminate\Http\Request))
#19 /home/vagrant/code/workice/vendor/laravel/framework/src/Illuminate/Pipeline/Pipeline.php(163): App\Http\Middleware\Google2FAMiddleware->handle(Object(Illuminate\Http\Request), Object(Closure))
#20 /home/vagrant/code/workice/vendor/laravel/framework/src/Illuminate/Routing/Pipeline.php(53): Illuminate\Pipeline\Pipeline->Illuminate\Pipeline\{closure}(Object(Illuminate\Http\Request))
#21 /home/vagrant/code/workice/vendor/laravel/framework/src/Illuminate/Auth/Middleware/EnsureEmailIsVerified.php(28): Illuminate\Routing\Pipeline->Illuminate\Routing\{closure}(Object(Illuminate\Http\Request))
#22 /home/vagrant/code/workice/vendor/laravel/framework/src/Illuminate/Pipeline/Pipeline.php(163): Illuminate\Auth\Middleware\EnsureEmailIsVerified->handle(Object(Illuminate\Http\Request), Object(Closure))
#23 /home/vagrant/code/workice/vendor/laravel/framework/src/Illuminate/Routing/Pipeline.php(53): Illuminate\Pipeline\Pipeline->Illuminate\Pipeline\{closure}(Object(Illuminate\Http\Request))
#24 /home/vagrant/code/workice/vendor/laravel/framework/src/Illuminate/Auth/Middleware/Authorize.php(46): Illuminate\Routing\Pipeline->Illuminate\Routing\{closure}(Object(Illuminate\Http\Request))
#25 /home/vagrant/code/workice/vendor/laravel/framework/src/Illuminate/Pipeline/Pipeline.php(163): Illuminate\Auth\Middleware\Authorize->handle(Object(Illuminate\Http\Request), Object(Closure), 'menu_leads')
#26 /home/vagrant/code/workice/vendor/laravel/framework/src/Illuminate/Routing/Pipeline.php(53): Illuminate\Pipeline\Pipeline->Illuminate\Pipeline\{closure}(Object(Illuminate\Http\Request))
#27 /home/vagrant/code/workice/app/Http/Middleware/CheckBanned.php(17): Illuminate\Routing\Pipeline->Illuminate\Routing\{closure}(Object(Illuminate\Http\Request))
#28 /home/vagrant/code/workice/vendor/laravel/framework/src/Illuminate/Pipeline/Pipeline.php(163): App\Http\Middleware\CheckBanned->handle(Object(Illuminate\Http\Request), Object(Closure))
#29 /home/vagrant/code/workice/vendor/laravel/framework/src/Illuminate/Routing/Pipeline.php(53): Illuminate\Pipeline\Pipeline->Illuminate\Pipeline\{closure}(Object(Illuminate\Http\Request))
#30 /home/vagrant/code/workice/app/Http/Middleware/Workice.php(24): Illuminate\Routing\Pipeline->Illuminate\Routing\{closure}(Object(Illuminate\Http\Request))
#31 /home/vagrant/code/workice/vendor/laravel/framework/src/Illuminate/Pipeline/Pipeline.php(163): App\Http\Middleware\Workice->handle(Object(Illuminate\Http\Request), Object(Closure))
#32 /home/vagrant/code/workice/vendor/laravel/framework/src/Illuminate/Routing/Pipeline.php(53): Illuminate\Pipeline\Pipeline->Illuminate\Pipeline\{closure}(Object(Illuminate\Http\Request))
#33 /home/vagrant/code/workice/app/Http/Middleware/Locale.php(29): Illuminate\Routing\Pipeline->Illuminate\Routing\{closure}(Object(Illuminate\Http\Request))
#34 /home/vagrant/code/workice/vendor/laravel/framework/src/Illuminate/Pipeline/Pipeline.php(163): App\Http\Middleware\Locale->handle(Object(Illuminate\Http\Request), Object(Closure))
#35 /home/vagrant/code/workice/vendor/laravel/framework/src/Illuminate/Routing/Pipeline.php(53): Illuminate\Pipeline\Pipeline->Illuminate\Pipeline\{closure}(Object(Illuminate\Http\Request))
#36 /home/vagrant/code/workice/vendor/laravel/passport/src/Http/Middleware/CreateFreshApiToken.php(50): Illuminate\Routing\Pipeline->Illuminate\Routing\{closure}(Object(Illuminate\Http\Request))
#37 /home/vagrant/code/workice/vendor/laravel/framework/src/Illuminate/Pipeline/Pipeline.php(163): Laravel\Passport\Http\Middleware\CreateFreshApiToken->handle(Object(Illuminate\Http\Request), Object(Closure))
#38 /home/vagrant/code/workice/vendor/laravel/framework/src/Illuminate/Routing/Pipeline.php(53): Illuminate\Pipeline\Pipeline->Illuminate\Pipeline\{closure}(Object(Illuminate\Http\Request))
#39 /home/vagrant/code/workice/vendor/laravel/framework/src/Illuminate/Http/Middleware/FrameGuard.php(18): Illuminate\Routing\Pipeline->Illuminate\Routing\{closure}(Object(Illuminate\Http\Request))
#40 /home/vagrant/code/workice/vendor/laravel/framework/src/Illuminate/Pipeline/Pipeline.php(163): Illuminate\Http\Middleware\FrameGuard->handle(Object(Illuminate\Http\Request), Object(Closure))
#41 /home/vagrant/code/workice/vendor/laravel/framework/src/Illuminate/Routing/Pipeline.php(53): Illuminate\Pipeline\Pipeline->Illuminate\Pipeline\{closure}(Object(Illuminate\Http\Request))
#42 /home/vagrant/code/workice/vendor/laravel/framework/src/Illuminate/Routing/Middleware/SubstituteBindings.php(41): Illuminate\Routing\Pipeline->Illuminate\Routing\{closure}(Object(Illuminate\Http\Request))
#43 /home/vagrant/code/workice/vendor/laravel/framework/src/Illuminate/Pipeline/Pipeline.php(163): Illuminate\Routing\Middleware\SubstituteBindings->handle(Object(Illuminate\Http\Request), Object(Closure))
#44 /home/vagrant/code/workice/vendor/laravel/framework/src/Illuminate/Routing/Pipeline.php(53): Illuminate\Pipeline\Pipeline->Illuminate\Pipeline\{closure}(Object(Illuminate\Http\Request))
#45 /home/vagrant/code/workice/vendor/laravel/framework/src/Illuminate/Auth/Middleware/Authenticate.php(43): Illuminate\Routing\Pipeline->Illuminate\Routing\{closure}(Object(Illuminate\Http\Request))
#46 /home/vagrant/code/workice/vendor/laravel/framework/src/Illuminate/Pipeline/Pipeline.php(163): Illuminate\Auth\Middleware\Authenticate->handle(Object(Illuminate\Http\Request), Object(Closure))
#47 /home/vagrant/code/workice/vendor/laravel/framework/src/Illuminate/Routing/Pipeline.php(53): Illuminate\Pipeline\Pipeline->Illuminate\Pipeline\{closure}(Object(Illuminate\Http\Request))
#48 /home/vagrant/code/workice/vendor/laravel/framework/src/Illuminate/Foundation/Http/Middleware/VerifyCsrfToken.php(75): Illuminate\Routing\Pipeline->Illuminate\Routing\{closure}(Object(Illuminate\Http\Request))
#49 /home/vagrant/code/workice/vendor/laravel/framework/src/Illuminate/Pipeline/Pipeline.php(163): Illuminate\Foundation\Http\Middleware\VerifyCsrfToken->handle(Object(Illuminate\Http\Request), Object(Closure))
#50 /home/vagrant/code/workice/vendor/laravel/framework/src/Illuminate/Routing/Pipeline.php(53): Illuminate\Pipeline\Pipeline->Illuminate\Pipeline\{closure}(Object(Illuminate\Http\Request))
#51 /home/vagrant/code/workice/vendor/laravel/framework/src/Illuminate/View/Middleware/ShareErrorsFromSession.php(49): Illuminate\Routing\Pipeline->Illuminate\Routing\{closure}(Object(Illuminate\Http\Request))
#52 /home/vagrant/code/workice/vendor/laravel/framework/src/Illuminate/Pipeline/Pipeline.php(163): Illuminate\View\Middleware\ShareErrorsFromSession->handle(Object(Illuminate\Http\Request), Object(Closure))
#53 /home/vagrant/code/workice/vendor/laravel/framework/src/Illuminate/Routing/Pipeline.php(53): Illuminate\Pipeline\Pipeline->Illuminate\Pipeline\{closure}(Object(Illuminate\Http\Request))
#54 /home/vagrant/code/workice/vendor/laravel/framework/src/Illuminate/Session/Middleware/StartSession.php(63): Illuminate\Routing\Pipeline->Illuminate\Routing\{closure}(Object(Illuminate\Http\Request))
#55 /home/vagrant/code/workice/vendor/laravel/framework/src/Illuminate/Pipeline/Pipeline.php(163): Illuminate\Session\Middleware\StartSession->handle(Object(Illuminate\Http\Request), Object(Closure))
#56 /home/vagrant/code/workice/vendor/laravel/framework/src/Illuminate/Routing/Pipeline.php(53): Illuminate\Pipeline\Pipeline->Illuminate\Pipeline\{closure}(Object(Illuminate\Http\Request))
#57 /home/vagrant/code/workice/vendor/laravel/framework/src/Illuminate/Cookie/Middleware/AddQueuedCookiesToResponse.php(37): Illuminate\Routing\Pipeline->Illuminate\Routing\{closure}(Object(Illuminate\Http\Request))
#58 /home/vagrant/code/workice/vendor/laravel/framework/src/Illuminate/Pipeline/Pipeline.php(163): Illuminate\Cookie\Middleware\AddQueuedCookiesToResponse->handle(Object(Illuminate\Http\Request), Object(Closure))
#59 /home/vagrant/code/workice/vendor/laravel/framework/src/Illuminate/Routing/Pipeline.php(53): Illuminate\Pipeline\Pipeline->Illuminate\Pipeline\{closure}(Object(Illuminate\Http\Request))
#60 /home/vagrant/code/workice/vendor/laravel/framework/src/Illuminate/Cookie/Middleware/EncryptCookies.php(66): Illuminate\Routing\Pipeline->Illuminate\Routing\{closure}(Object(Illuminate\Http\Request))
#61 /home/vagrant/code/workice/vendor/laravel/framework/src/Illuminate/Pipeline/Pipeline.php(163): Illuminate\Cookie\Middleware\EncryptCookies->handle(Object(Illuminate\Http\Request), Object(Closure))
#62 /home/vagrant/code/workice/vendor/laravel/framework/src/Illuminate/Routing/Pipeline.php(53): Illuminate\Pipeline\Pipeline->Illuminate\Pipeline\{closure}(Object(Illuminate\Http\Request))
#63 /home/vagrant/code/workice/vendor/laravel/framework/src/Illuminate/Pipeline/Pipeline.php(104): Illuminate\Routing\Pipeline->Illuminate\Routing\{closure}(Object(Illuminate\Http\Request))
#64 /home/vagrant/code/workice/vendor/laravel/framework/src/Illuminate/Routing/Router.php(684): Illuminate\Pipeline\Pipeline->then(Object(Closure))
#65 /home/vagrant/code/workice/vendor/laravel/framework/src/Illuminate/Routing/Router.php(659): Illuminate\Routing\Router->runRouteWithinStack(Object(Illuminate\Routing\Route), Object(Illuminate\Http\Request))
#66 /home/vagrant/code/workice/vendor/laravel/framework/src/Illuminate/Routing/Router.php(625): Illuminate\Routing\Router->runRoute(Object(Illuminate\Http\Request), Object(Illuminate\Routing\Route))
#67 /home/vagrant/code/workice/vendor/laravel/framework/src/Illuminate/Routing/Router.php(614): Illuminate\Routing\Router->dispatchToRoute(Object(Illuminate\Http\Request))
#68 /home/vagrant/code/workice/vendor/laravel/framework/src/Illuminate/Foundation/Http/Kernel.php(176): Illuminate\Routing\Router->dispatch(Object(Illuminate\Http\Request))
#69 /home/vagrant/code/workice/vendor/laravel/framework/src/Illuminate/Routing/Pipeline.php(30): Illuminate\Foundation\Http\Kernel->Illuminate\Foundation\Http\{closure}(Object(Illuminate\Http\Request))
#70 /home/vagrant/code/workice/vendor/barryvdh/laravel-debugbar/src/Middleware/InjectDebugbar.php(58): Illuminate\Routing\Pipeline->Illuminate\Routing\{closure}(Object(Illuminate\Http\Request))
#71 /home/vagrant/code/workice/vendor/laravel/framework/src/Illuminate/Pipeline/Pipeline.php(163): Barryvdh\Debugbar\Middleware\InjectDebugbar->handle(Object(Illuminate\Http\Request), Object(Closure))
#72 /home/vagrant/code/workice/vendor/laravel/framework/src/Illuminate/Routing/Pipeline.php(53): Illuminate\Pipeline\Pipeline->Illuminate\Pipeline\{closure}(Object(Illuminate\Http\Request))
#73 /home/vagrant/code/workice/app/Http/Middleware/OverrideConfig.php(24): Illuminate\Routing\Pipeline->Illuminate\Routing\{closure}(Object(Illuminate\Http\Request))
#74 /home/vagrant/code/workice/vendor/laravel/framework/src/Illuminate/Pipeline/Pipeline.php(163): App\Http\Middleware\OverrideConfig->handle(Object(Illuminate\Http\Request), Object(Closure))
#75 /home/vagrant/code/workice/vendor/laravel/framework/src/Illuminate/Routing/Pipeline.php(53): Illuminate\Pipeline\Pipeline->Illuminate\Pipeline\{closure}(Object(Illuminate\Http\Request))
#76 /home/vagrant/code/workice/vendor/fideloper/proxy/src/TrustProxies.php(57): Illuminate\Routing\Pipeline->Illuminate\Routing\{closure}(Object(Illuminate\Http\Request))
#77 /home/vagrant/code/workice/vendor/laravel/framework/src/Illuminate/Pipeline/Pipeline.php(163): Fideloper\Proxy\TrustProxies->handle(Object(Illuminate\Http\Request), Object(Closure))
#78 /home/vagrant/code/workice/vendor/laravel/framework/src/Illuminate/Routing/Pipeline.php(53): Illuminate\Pipeline\Pipeline->Illuminate\Pipeline\{closure}(Object(Illuminate\Http\Request))
#79 /home/vagrant/code/workice/vendor/bepsvpt/secure-headers/src/SecureHeadersMiddleware.php(21): Illuminate\Routing\Pipeline->Illuminate\Routing\{closure}(Object(Illuminate\Http\Request))
#80 /home/vagrant/code/workice/vendor/laravel/framework/src/Illuminate/Pipeline/Pipeline.php(163): Bepsvpt\SecureHeaders\SecureHeadersMiddleware->handle(Object(Illuminate\Http\Request), Object(Closure))
#81 /home/vagrant/code/workice/vendor/laravel/framework/src/Illuminate/Routing/Pipeline.php(53): Illuminate\Pipeline\Pipeline->Illuminate\Pipeline\{closure}(Object(Illuminate\Http\Request))
#82 /home/vagrant/code/workice/app/Http/Middleware/FilterIfPjax.php(27): Illuminate\Routing\Pipeline->Illuminate\Routing\{closure}(Object(Illuminate\Http\Request))
#83 /home/vagrant/code/workice/vendor/laravel/framework/src/Illuminate/Pipeline/Pipeline.php(163): App\Http\Middleware\FilterIfPjax->handle(Object(Illuminate\Http\Request), Object(Closure))
#84 /home/vagrant/code/workice/vendor/laravel/framework/src/Illuminate/Routing/Pipeline.php(53): Illuminate\Pipeline\Pipeline->Illuminate\Pipeline\{closure}(Object(Illuminate\Http\Request))
#85 /home/vagrant/code/workice/app/Http/Middleware/CheckXSS.php(27): Illuminate\Routing\Pipeline->Illuminate\Routing\{closure}(Object(Illuminate\Http\Request))
#86 /home/vagrant/code/workice/vendor/laravel/framework/src/Illuminate/Pipeline/Pipeline.php(163): App\Http\Middleware\CheckXSS->handle(Object(Illuminate\Http\Request), Object(Closure))
#87 /home/vagrant/code/workice/vendor/laravel/framework/src/Illuminate/Routing/Pipeline.php(53): Illuminate\Pipeline\Pipeline->Illuminate\Pipeline\{closure}(Object(Illuminate\Http\Request))
#88 /home/vagrant/code/workice/vendor/renatomarinho/laravel-page-speed/src/Middleware/PageSpeed.php(28): Illuminate\Routing\Pipeline->Illuminate\Routing\{closure}(Object(Illuminate\Http\Request))
#89 /home/vagrant/code/workice/vendor/laravel/framework/src/Illuminate/Pipeline/Pipeline.php(163): RenatoMarinho\LaravelPageSpeed\Middleware\PageSpeed->handle(Object(Illuminate\Http\Request), Object(Closure))
#90 /home/vagrant/code/workice/vendor/laravel/framework/src/Illuminate/Routing/Pipeline.php(53): Illuminate\Pipeline\Pipeline->Illuminate\Pipeline\{closure}(Object(Illuminate\Http\Request))
#91 /home/vagrant/code/workice/vendor/renatomarinho/laravel-page-speed/src/Middleware/PageSpeed.php(28): Illuminate\Routing\Pipeline->Illuminate\Routing\{closure}(Object(Illuminate\Http\Request))
#92 /home/vagrant/code/workice/vendor/laravel/framework/src/Illuminate/Pipeline/Pipeline.php(163): RenatoMarinho\LaravelPageSpeed\Middleware\PageSpeed->handle(Object(Illuminate\Http\Request), Object(Closure))
#93 /home/vagrant/code/workice/vendor/laravel/framework/src/Illuminate/Routing/Pipeline.php(53): Illuminate\Pipeline\Pipeline->Illuminate\Pipeline\{closure}(Object(Illuminate\Http\Request))
#94 /home/vagrant/code/workice/vendor/renatomarinho/laravel-page-speed/src/Middleware/PageSpeed.php(28): Illuminate\Routing\Pipeline->Illuminate\Routing\{closure}(Object(Illuminate\Http\Request))
#95 /home/vagrant/code/workice/vendor/laravel/framework/src/Illuminate/Pipeline/Pipeline.php(163): RenatoMarinho\LaravelPageSpeed\Middleware\PageSpeed->handle(Object(Illuminate\Http\Request), Object(Closure))
#96 /home/vagrant/code/workice/vendor/laravel/framework/src/Illuminate/Routing/Pipeline.php(53): Illuminate\Pipeline\Pipeline->Illuminate\Pipeline\{closure}(Object(Illuminate\Http\Request))
#97 /home/vagrant/code/workice/vendor/laravel/framework/src/Illuminate/Foundation/Http/Middleware/TransformsRequest.php(31): Illuminate\Routing\Pipeline->Illuminate\Routing\{closure}(Object(Illuminate\Http\Request))
#98 /home/vagrant/code/workice/vendor/laravel/framework/src/Illuminate/Pipeline/Pipeline.php(163): Illuminate\Foundation\Http\Middleware\TransformsRequest->handle(Object(Illuminate\Http\Request), Object(Closure))
#99 /home/vagrant/code/workice/vendor/laravel/framework/src/Illuminate/Routing/Pipeline.php(53): Illuminate\Pipeline\Pipeline->Illuminate\Pipeline\{closure}(Object(Illuminate\Http\Request))
#100 /home/vagrant/code/workice/vendor/laravel/framework/src/Illuminate/Foundation/Http/Middleware/TransformsRequest.php(31): Illuminate\Routing\Pipeline->Illuminate\Routing\{closure}(Object(Illuminate\Http\Request))
#101 /home/vagrant/code/workice/vendor/laravel/framework/src/Illuminate/Pipeline/Pipeline.php(163): Illuminate\Foundation\Http\Middleware\TransformsRequest->handle(Object(Illuminate\Http\Request), Object(Closure))
#102 /home/vagrant/code/workice/vendor/laravel/framework/src/Illuminate/Routing/Pipeline.php(53): Illuminate\Pipeline\Pipeline->Illuminate\Pipeline\{closure}(Object(Illuminate\Http\Request))
#103 /home/vagrant/code/workice/vendor/laravel/framework/src/Illuminate/Foundation/Http/Middleware/ValidatePostSize.php(27): Illuminate\Routing\Pipeline->Illuminate\Routing\{closure}(Object(Illuminate\Http\Request))
#104 /home/vagrant/code/workice/vendor/laravel/framework/src/Illuminate/Pipeline/Pipeline.php(163): Illuminate\Foundation\Http\Middleware\ValidatePostSize->handle(Object(Illuminate\Http\Request), Object(Closure))
#105 /home/vagrant/code/workice/vendor/laravel/framework/src/Illuminate/Routing/Pipeline.php(53): Illuminate\Pipeline\Pipeline->Illuminate\Pipeline\{closure}(Object(Illuminate\Http\Request))
#106 /home/vagrant/code/workice/vendor/laravel/framework/src/Illuminate/Foundation/Http/Middleware/CheckForMaintenanceMode.php(62): Illuminate\Routing\Pipeline->Illuminate\Routing\{closure}(Object(Illuminate\Http\Request))
#107 /home/vagrant/code/workice/vendor/laravel/framework/src/Illuminate/Pipeline/Pipeline.php(163): Illuminate\Foundation\Http\Middleware\CheckForMaintenanceMode->handle(Object(Illuminate\Http\Request), Object(Closure))
#108 /home/vagrant/code/workice/vendor/laravel/framework/src/Illuminate/Routing/Pipeline.php(53): Illuminate\Pipeline\Pipeline->Illuminate\Pipeline\{closure}(Object(Illuminate\Http\Request))
#109 /home/vagrant/code/workice/vendor/laravel/framework/src/Illuminate/Pipeline/Pipeline.php(104): Illuminate\Routing\Pipeline->Illuminate\Routing\{closure}(Object(Illuminate\Http\Request))
#110 /home/vagrant/code/workice/vendor/laravel/framework/src/Illuminate/Foundation/Http/Kernel.php(151): Illuminate\Pipeline\Pipeline->then(Object(Closure))
#111 /home/vagrant/code/workice/vendor/laravel/framework/src/Illuminate/Foundation/Http/Kernel.php(116): Illuminate\Foundation\Http\Kernel->sendRequestThroughRouter(Object(Illuminate\Http\Request))
#112 /home/vagrant/code/workice/public/index.php(53): Illuminate\Foundation\Http\Kernel->handle(Object(Illuminate\Http\Request))
#113 {main}  
